{"C:\\Users\\Stevin Sebastian\\Documents\\GitHub\\user-login-signup\\login\\backend\\app.js": {"path":"C:\\Users\\Stevin Sebastian\\Documents\\GitHub\\user-login-signup\\login\\backend\\app.js","statementMap":{"0":{"start":{"line":1,"column":16},"end":{"line":1,"column":34}},"1":{"start":{"line":2,"column":17},"end":{"line":2,"column":36}},"2":{"start":{"line":3,"column":15},"end":{"line":3,"column":32}},"3":{"start":{"line":4,"column":19},"end":{"line":4,"column":45}},"4":{"start":{"line":5,"column":13},"end":{"line":5,"column":28}},"5":{"start":{"line":6,"column":19},"end":{"line":6,"column":41}},"6":{"start":{"line":7,"column":13},"end":{"line":7,"column":28}},"7":{"start":{"line":8,"column":17},"end":{"line":8,"column":36}},"8":{"start":{"line":9,"column":17},"end":{"line":9,"column":38}},"9":{"start":{"line":10,"column":15},"end":{"line":10,"column":32}},"10":{"start":{"line":12,"column":12},"end":{"line":12,"column":22}},"11":{"start":{"line":14,"column":0},"end":{"line":16,"column":3}},"12":{"start":{"line":26,"column":0},"end":{"line":28,"column":1}},"13":{"start":{"line":27,"column":2},"end":{"line":27,"column":13}},"14":{"start":{"line":30,"column":0},"end":{"line":30,"column":24}},"15":{"start":{"line":31,"column":0},"end":{"line":31,"column":16}},"16":{"start":{"line":33,"column":0},"end":{"line":33,"column":51}},"17":{"start":{"line":36,"column":0},"end":{"line":36,"column":31}},"18":{"start":{"line":38,"column":0},"end":{"line":38,"column":39}},"19":{"start":{"line":40,"column":0},"end":{"line":40,"column":28}},"20":{"start":{"line":42,"column":0},"end":{"line":42,"column":21}}},"fnMap":{},"branchMap":{"0":{"loc":{"start":{"line":26,"column":0},"end":{"line":28,"column":1}},"type":"if","locations":[{"start":{"line":26,"column":0},"end":{"line":28,"column":1}},{"start":{"line":26,"column":0},"end":{"line":28,"column":1}}],"line":26}},"s":{"0":3,"1":3,"2":3,"3":3,"4":3,"5":3,"6":3,"7":3,"8":3,"9":3,"10":3,"11":3,"12":3,"13":0,"14":3,"15":3,"16":3,"17":3,"18":3,"19":3,"20":3},"f":{},"b":{"0":[0,3]},"_coverageSchema":"1a1c01bbd47fc00a2c39e90264f33305004495a9","hash":"a9ec95baa859f2461f34141c1d86854c5f5739cd"}
,"C:\\Users\\Stevin Sebastian\\Documents\\GitHub\\user-login-signup\\login\\backend\\database.js": {"path":"C:\\Users\\Stevin Sebastian\\Documents\\GitHub\\user-login-signup\\login\\backend\\database.js","statementMap":{"0":{"start":{"line":5,"column":17},"end":{"line":5,"column":36}},"1":{"start":{"line":9,"column":17},"end":{"line":51,"column":1}},"2":{"start":{"line":11,"column":2},"end":{"line":11,"column":36}},"3":{"start":{"line":15,"column":2},"end":{"line":20,"column":49}},"4":{"start":{"line":20,"column":14},"end":{"line":20,"column":47}},"5":{"start":{"line":23,"column":2},"end":{"line":25,"column":5}},"6":{"start":{"line":24,"column":4},"end":{"line":24,"column":23}},"7":{"start":{"line":27,"column":2},"end":{"line":29,"column":5}},"8":{"start":{"line":28,"column":4},"end":{"line":28,"column":55}},"9":{"start":{"line":31,"column":2},"end":{"line":33,"column":5}},"10":{"start":{"line":32,"column":4},"end":{"line":32,"column":48}},"11":{"start":{"line":35,"column":2},"end":{"line":37,"column":5}},"12":{"start":{"line":36,"column":4},"end":{"line":36,"column":60}},"13":{"start":{"line":39,"column":2},"end":{"line":41,"column":5}},"14":{"start":{"line":40,"column":4},"end":{"line":40,"column":57}},"15":{"start":{"line":43,"column":2},"end":{"line":46,"column":5}},"16":{"start":{"line":44,"column":4},"end":{"line":44,"column":39}},"17":{"start":{"line":48,"column":2},"end":{"line":50,"column":5}},"18":{"start":{"line":49,"column":4},"end":{"line":49,"column":59}},"19":{"start":{"line":53,"column":0},"end":{"line":53,"column":26}}},"fnMap":{"0":{"name":"(anonymous_0)","decl":{"start":{"line":9,"column":17},"end":{"line":9,"column":18}},"loc":{"start":{"line":9,"column":23},"end":{"line":51,"column":1}},"line":9},"1":{"name":"(anonymous_1)","decl":{"start":{"line":20,"column":9},"end":{"line":20,"column":10}},"loc":{"start":{"line":20,"column":14},"end":{"line":20,"column":47}},"line":20},"2":{"name":"(anonymous_2)","decl":{"start":{"line":23,"column":34},"end":{"line":23,"column":35}},"loc":{"start":{"line":23,"column":45},"end":{"line":25,"column":3}},"line":23},"3":{"name":"(anonymous_3)","decl":{"start":{"line":27,"column":38},"end":{"line":27,"column":39}},"loc":{"start":{"line":27,"column":44},"end":{"line":29,"column":3}},"line":27},"4":{"name":"(anonymous_4)","decl":{"start":{"line":31,"column":42},"end":{"line":31,"column":43}},"loc":{"start":{"line":31,"column":48},"end":{"line":33,"column":3}},"line":31},"5":{"name":"(anonymous_5)","decl":{"start":{"line":35,"column":41},"end":{"line":35,"column":42}},"loc":{"start":{"line":35,"column":47},"end":{"line":37,"column":3}},"line":35},"6":{"name":"(anonymous_6)","decl":{"start":{"line":39,"column":40},"end":{"line":39,"column":41}},"loc":{"start":{"line":39,"column":46},"end":{"line":41,"column":3}},"line":39},"7":{"name":"(anonymous_7)","decl":{"start":{"line":43,"column":36},"end":{"line":43,"column":37}},"loc":{"start":{"line":43,"column":42},"end":{"line":46,"column":3}},"line":43},"8":{"name":"(anonymous_8)","decl":{"start":{"line":48,"column":34},"end":{"line":48,"column":35}},"loc":{"start":{"line":48,"column":40},"end":{"line":50,"column":3}},"line":48}},"branchMap":{},"s":{"0":3,"1":3,"2":0,"3":0,"4":0,"5":0,"6":0,"7":0,"8":0,"9":0,"10":0,"11":0,"12":0,"13":0,"14":0,"15":0,"16":0,"17":0,"18":0,"19":3},"f":{"0":0,"1":0,"2":0,"3":0,"4":0,"5":0,"6":0,"7":0,"8":0},"b":{},"_coverageSchema":"1a1c01bbd47fc00a2c39e90264f33305004495a9","hash":"3cb284b07f7a23f140eb72225864b56f29146b76"}
,"C:\\Users\\Stevin Sebastian\\Documents\\GitHub\\user-login-signup\\login\\backend\\__test__\\db.js": {"path":"C:\\Users\\Stevin Sebastian\\Documents\\GitHub\\user-login-signup\\login\\backend\\__test__\\db.js","statementMap":{"0":{"start":{"line":1,"column":17},"end":{"line":1,"column":36}},"1":{"start":{"line":2,"column":30},"end":{"line":2,"column":62}},"2":{"start":{"line":5,"column":20},"end":{"line":5,"column":43}},"3":{"start":{"line":7,"column":13},"end":{"line":10,"column":1}},"4":{"start":{"line":13,"column":16},"end":{"line":24,"column":1}},"5":{"start":{"line":16,"column":2},"end":{"line":16,"column":30}},"6":{"start":{"line":18,"column":19},"end":{"line":18,"column":45}},"7":{"start":{"line":19,"column":2},"end":{"line":23,"column":5}},"8":{"start":{"line":20,"column":4},"end":{"line":22,"column":5}},"9":{"start":{"line":21,"column":6},"end":{"line":21,"column":25}},"10":{"start":{"line":27,"column":14},"end":{"line":30,"column":1}},"11":{"start":{"line":28,"column":2},"end":{"line":28,"column":30}},"12":{"start":{"line":29,"column":2},"end":{"line":29,"column":27}},"13":{"start":{"line":33,"column":14},"end":{"line":40,"column":1}},"14":{"start":{"line":34,"column":22},"end":{"line":34,"column":53}},"15":{"start":{"line":36,"column":2},"end":{"line":39,"column":3}},"16":{"start":{"line":37,"column":23},"end":{"line":37,"column":39}},"17":{"start":{"line":38,"column":4},"end":{"line":38,"column":34}},"18":{"start":{"line":42,"column":0},"end":{"line":46,"column":2}}},"fnMap":{"0":{"name":"(anonymous_0)","decl":{"start":{"line":13,"column":16},"end":{"line":13,"column":17}},"loc":{"start":{"line":13,"column":28},"end":{"line":24,"column":1}},"line":13},"1":{"name":"(anonymous_1)","decl":{"start":{"line":19,"column":41},"end":{"line":19,"column":42}},"loc":{"start":{"line":19,"column":48},"end":{"line":23,"column":3}},"line":19},"2":{"name":"(anonymous_2)","decl":{"start":{"line":27,"column":14},"end":{"line":27,"column":15}},"loc":{"start":{"line":27,"column":26},"end":{"line":30,"column":1}},"line":27},"3":{"name":"(anonymous_3)","decl":{"start":{"line":33,"column":14},"end":{"line":33,"column":15}},"loc":{"start":{"line":33,"column":26},"end":{"line":40,"column":1}},"line":33}},"branchMap":{"0":{"loc":{"start":{"line":20,"column":4},"end":{"line":22,"column":5}},"type":"if","locations":[{"start":{"line":20,"column":4},"end":{"line":22,"column":5}},{"start":{"line":20,"column":4},"end":{"line":22,"column":5}}],"line":20}},"s":{"0":3,"1":3,"2":3,"3":3,"4":3,"5":3,"6":3,"7":3,"8":3,"9":0,"10":3,"11":3,"12":3,"13":3,"14":28,"15":28,"16":28,"17":28,"18":3},"f":{"0":3,"1":3,"2":3,"3":28},"b":{"0":[0,3]},"_coverageSchema":"1a1c01bbd47fc00a2c39e90264f33305004495a9","hash":"c5c6344876cffca8d62c9fa9561bda6b62e270d8"}
,"C:\\Users\\Stevin Sebastian\\Documents\\GitHub\\user-login-signup\\login\\backend\\models\\signupmodels.js": {"path":"C:\\Users\\Stevin Sebastian\\Documents\\GitHub\\user-login-signup\\login\\backend\\models\\signupmodels.js","statementMap":{"0":{"start":{"line":1,"column":17},"end":{"line":1,"column":36}},"1":{"start":{"line":3,"column":23},"end":{"line":37,"column":2}},"2":{"start":{"line":39,"column":0},"end":{"line":39,"column":57}}},"fnMap":{},"branchMap":{},"s":{"0":3,"1":3,"2":3},"f":{},"b":{},"_coverageSchema":"1a1c01bbd47fc00a2c39e90264f33305004495a9","hash":"8166f3867cf913bb65c39343cc8d92b13d59ef33"}
,"C:\\Users\\Stevin Sebastian\\Documents\\GitHub\\user-login-signup\\login\\backend\\routes\\routes.js": {"path":"C:\\Users\\Stevin Sebastian\\Documents\\GitHub\\user-login-signup\\login\\backend\\routes\\routes.js","statementMap":{"0":{"start":{"line":1,"column":16},"end":{"line":1,"column":34}},"1":{"start":{"line":2,"column":15},"end":{"line":2,"column":31}},"2":{"start":{"line":3,"column":27},"end":{"line":3,"column":60}},"3":{"start":{"line":4,"column":15},"end":{"line":4,"column":32}},"4":{"start":{"line":5,"column":12},"end":{"line":5,"column":35}},"5":{"start":{"line":6,"column":23},"end":{"line":6,"column":71}},"6":{"start":{"line":8,"column":0},"end":{"line":8,"column":47}},"7":{"start":{"line":10,"column":0},"end":{"line":10,"column":49}},"8":{"start":{"line":12,"column":0},"end":{"line":12,"column":51}},"9":{"start":{"line":14,"column":0},"end":{"line":14,"column":43}},"10":{"start":{"line":16,"column":0},"end":{"line":16,"column":53}},"11":{"start":{"line":18,"column":0},"end":{"line":18,"column":46}},"12":{"start":{"line":22,"column":0},"end":{"line":22,"column":24}}},"fnMap":{},"branchMap":{},"s":{"0":3,"1":3,"2":3,"3":3,"4":3,"5":3,"6":3,"7":3,"8":3,"9":3,"10":3,"11":3,"12":3},"f":{},"b":{},"_coverageSchema":"1a1c01bbd47fc00a2c39e90264f33305004495a9","hash":"0adff6a6eb8e2eeec3dd4d6e15a63c68f6ccc582"}
,"C:\\Users\\Stevin Sebastian\\Documents\\GitHub\\user-login-signup\\login\\backend\\server\\passport.js": {"path":"C:\\Users\\Stevin Sebastian\\Documents\\GitHub\\user-login-signup\\login\\backend\\server\\passport.js","statementMap":{"0":{"start":{"line":1,"column":20},"end":{"line":1,"column":52}},"1":{"start":{"line":2,"column":19},"end":{"line":2,"column":53}},"2":{"start":{"line":3,"column":17},"end":{"line":3,"column":36}},"3":{"start":{"line":4,"column":15},"end":{"line":4,"column":48}},"4":{"start":{"line":5,"column":13},"end":{"line":5,"column":59}},"5":{"start":{"line":6,"column":15},"end":{"line":6,"column":32}},"6":{"start":{"line":8,"column":13},"end":{"line":8,"column":15}},"7":{"start":{"line":9,"column":0},"end":{"line":9,"column":63}},"8":{"start":{"line":10,"column":0},"end":{"line":10,"column":42}},"9":{"start":{"line":12,"column":0},"end":{"line":25,"column":2}},"10":{"start":{"line":13,"column":2},"end":{"line":24,"column":4}},"11":{"start":{"line":15,"column":6},"end":{"line":22,"column":40}},"12":{"start":{"line":17,"column":10},"end":{"line":19,"column":11}},"13":{"start":{"line":18,"column":12},"end":{"line":18,"column":36}},"14":{"start":{"line":20,"column":10},"end":{"line":20,"column":35}},"15":{"start":{"line":22,"column":22},"end":{"line":22,"column":38}}},"fnMap":{"0":{"name":"(anonymous_0)","decl":{"start":{"line":12,"column":17},"end":{"line":12,"column":18}},"loc":{"start":{"line":12,"column":29},"end":{"line":25,"column":1}},"line":12},"1":{"name":"(anonymous_1)","decl":{"start":{"line":14,"column":26},"end":{"line":14,"column":27}},"loc":{"start":{"line":14,"column":49},"end":{"line":23,"column":5}},"line":14},"2":{"name":"(anonymous_2)","decl":{"start":{"line":16,"column":14},"end":{"line":16,"column":15}},"loc":{"start":{"line":16,"column":22},"end":{"line":21,"column":9}},"line":16},"3":{"name":"(anonymous_3)","decl":{"start":{"line":22,"column":15},"end":{"line":22,"column":16}},"loc":{"start":{"line":22,"column":22},"end":{"line":22,"column":38}},"line":22}},"branchMap":{"0":{"loc":{"start":{"line":17,"column":10},"end":{"line":19,"column":11}},"type":"if","locations":[{"start":{"line":17,"column":10},"end":{"line":19,"column":11}},{"start":{"line":17,"column":10},"end":{"line":19,"column":11}}],"line":17}},"s":{"0":3,"1":3,"2":3,"3":3,"4":3,"5":3,"6":3,"7":3,"8":3,"9":3,"10":3,"11":0,"12":0,"13":0,"14":0,"15":0},"f":{"0":3,"1":0,"2":0,"3":0},"b":{"0":[0,0]},"_coverageSchema":"1a1c01bbd47fc00a2c39e90264f33305004495a9","hash":"eef1bebe341651015de7a8a173576a2be287cfd3"}
,"C:\\Users\\Stevin Sebastian\\Documents\\GitHub\\user-login-signup\\login\\backend\\server\\roles.js": {"path":"C:\\Users\\Stevin Sebastian\\Documents\\GitHub\\user-login-signup\\login\\backend\\server\\roles.js","statementMap":{"0":{"start":{"line":1,"column":22},"end":{"line":1,"column":46}},"1":{"start":{"line":2,"column":11},"end":{"line":2,"column":30}},"2":{"start":{"line":4,"column":0},"end":{"line":28,"column":5}},"3":{"start":{"line":5,"column":0},"end":{"line":7,"column":22}},"4":{"start":{"line":9,"column":0},"end":{"line":11,"column":20}},"5":{"start":{"line":13,"column":0},"end":{"line":18,"column":19}},"6":{"start":{"line":20,"column":1},"end":{"line":26,"column":20}},"7":{"start":{"line":27,"column":0},"end":{"line":27,"column":10}}},"fnMap":{"0":{"name":"(anonymous_0)","decl":{"start":{"line":4,"column":17},"end":{"line":4,"column":18}},"loc":{"start":{"line":4,"column":28},"end":{"line":28,"column":1}},"line":4}},"branchMap":{},"s":{"0":3,"1":3,"2":3,"3":3,"4":3,"5":3,"6":3,"7":3},"f":{"0":3},"b":{},"_coverageSchema":"1a1c01bbd47fc00a2c39e90264f33305004495a9","hash":"f46f60a9180210be85add390278ff0e65e2455f6"}
,"C:\\Users\\Stevin Sebastian\\Documents\\GitHub\\user-login-signup\\login\\backend\\server\\controllers\\userControllers.js": {"path":"C:\\Users\\Stevin Sebastian\\Documents\\GitHub\\user-login-signup\\login\\backend\\server\\controllers\\userControllers.js","statementMap":{"0":{"start":{"line":1,"column":13},"end":{"line":1,"column":49}},"1":{"start":{"line":2,"column":12},"end":{"line":2,"column":35}},"2":{"start":{"line":3,"column":15},"end":{"line":3,"column":32}},"3":{"start":{"line":4,"column":15},"end":{"line":4,"column":32}},"4":{"start":{"line":5,"column":17},"end":{"line":5,"column":37}},"5":{"start":{"line":6,"column":30},"end":{"line":6,"column":66}},"6":{"start":{"line":7,"column":27},"end":{"line":7,"column":60}},"7":{"start":{"line":8,"column":22},"end":{"line":8,"column":63}},"8":{"start":{"line":9,"column":30},"end":{"line":9,"column":74}},"9":{"start":{"line":10,"column":18},"end":{"line":10,"column":37}},"10":{"start":{"line":12,"column":0},"end":{"line":41,"column":1}},"11":{"start":{"line":13,"column":1},"end":{"line":40,"column":2}},"12":{"start":{"line":14,"column":2},"end":{"line":39,"column":3}},"13":{"start":{"line":15,"column":3},"end":{"line":15,"column":23}},"14":{"start":{"line":17,"column":15},"end":{"line":17,"column":38}},"15":{"start":{"line":18,"column":16},"end":{"line":18,"column":25}},"16":{"start":{"line":20,"column":22},"end":{"line":20,"column":55}},"17":{"start":{"line":22,"column":3},"end":{"line":35,"column":3}},"18":{"start":{"line":23,"column":4},"end":{"line":25,"column":7}},"19":{"start":{"line":28,"column":4},"end":{"line":34,"column":5}},"20":{"start":{"line":29,"column":6},"end":{"line":33,"column":7}},"21":{"start":{"line":30,"column":8},"end":{"line":32,"column":11}},"22":{"start":{"line":36,"column":3},"end":{"line":36,"column":9}},"23":{"start":{"line":38,"column":3},"end":{"line":38,"column":14}},"24":{"start":{"line":70,"column":0},"end":{"line":83,"column":1}},"25":{"start":{"line":71,"column":1},"end":{"line":82,"column":3}},"26":{"start":{"line":73,"column":15},"end":{"line":73,"column":29}},"27":{"start":{"line":75,"column":2},"end":{"line":78,"column":5}},"28":{"start":{"line":76,"column":3},"end":{"line":78,"column":5}},"29":{"start":{"line":79,"column":3},"end":{"line":79,"column":10}},"30":{"start":{"line":81,"column":3},"end":{"line":81,"column":15}},"31":{"start":{"line":100,"column":1},"end":{"line":100,"column":40}},"32":{"start":{"line":104,"column":1},"end":{"line":104,"column":60}},"33":{"start":{"line":107,"column":0},"end":{"line":136,"column":1}},"34":{"start":{"line":108,"column":1},"end":{"line":135,"column":2}},"35":{"start":{"line":110,"column":31},"end":{"line":110,"column":62}},"36":{"start":{"line":112,"column":3},"end":{"line":114,"column":4}},"37":{"start":{"line":113,"column":5},"end":{"line":113,"column":41}},"38":{"start":{"line":116,"column":25},"end":{"line":116,"column":62}},"39":{"start":{"line":117,"column":16},"end":{"line":117,"column":30}},"40":{"start":{"line":118,"column":15},"end":{"line":118,"column":44}},"41":{"start":{"line":119,"column":2},"end":{"line":119,"column":72}},"42":{"start":{"line":119,"column":12},"end":{"line":119,"column":72}},"43":{"start":{"line":121,"column":23},"end":{"line":128,"column":4}},"44":{"start":{"line":130,"column":2},"end":{"line":130,"column":27}},"45":{"start":{"line":131,"column":2},"end":{"line":131,"column":49}},"46":{"start":{"line":134,"column":3},"end":{"line":134,"column":14}},"47":{"start":{"line":216,"column":0},"end":{"line":258,"column":1}},"48":{"start":{"line":217,"column":2},"end":{"line":257,"column":3}},"49":{"start":{"line":219,"column":32},"end":{"line":219,"column":60}},"50":{"start":{"line":221,"column":4},"end":{"line":223,"column":5}},"51":{"start":{"line":222,"column":6},"end":{"line":222,"column":42}},"52":{"start":{"line":225,"column":18},"end":{"line":225,"column":32}},"53":{"start":{"line":226,"column":21},"end":{"line":226,"column":38}},"54":{"start":{"line":228,"column":17},"end":{"line":228,"column":46}},"55":{"start":{"line":229,"column":4},"end":{"line":229,"column":68}},"56":{"start":{"line":229,"column":15},"end":{"line":229,"column":68}},"57":{"start":{"line":231,"column":26},"end":{"line":231,"column":73}},"58":{"start":{"line":232,"column":4},"end":{"line":232,"column":80}},"59":{"start":{"line":232,"column":24},"end":{"line":232,"column":80}},"60":{"start":{"line":234,"column":20},"end":{"line":240,"column":5}},"61":{"start":{"line":242,"column":18},"end":{"line":248,"column":9}},"62":{"start":{"line":250,"column":4},"end":{"line":253,"column":7}},"63":{"start":{"line":256,"column":6},"end":{"line":256,"column":18}},"64":{"start":{"line":260,"column":0},"end":{"line":265,"column":1}},"65":{"start":{"line":261,"column":16},"end":{"line":261,"column":35}},"66":{"start":{"line":262,"column":2},"end":{"line":264,"column":5}},"67":{"start":{"line":267,"column":0},"end":{"line":280,"column":1}},"68":{"start":{"line":268,"column":2},"end":{"line":279,"column":3}},"69":{"start":{"line":269,"column":18},"end":{"line":269,"column":33}},"70":{"start":{"line":270,"column":17},"end":{"line":270,"column":44}},"71":{"start":{"line":272,"column":4},"end":{"line":272,"column":62}},"72":{"start":{"line":272,"column":15},"end":{"line":272,"column":62}},"73":{"start":{"line":273,"column":4},"end":{"line":275,"column":7}},"74":{"start":{"line":278,"column":4},"end":{"line":278,"column":15}},"75":{"start":{"line":282,"column":0},"end":{"line":316,"column":1}},"76":{"start":{"line":283,"column":1},"end":{"line":315,"column":3}},"77":{"start":{"line":284,"column":18},"end":{"line":284,"column":35}},"78":{"start":{"line":285,"column":20},"end":{"line":285,"column":28}},"79":{"start":{"line":286,"column":3},"end":{"line":293,"column":4}},"80":{"start":{"line":288,"column":33},"end":{"line":288,"column":56}},"81":{"start":{"line":290,"column":5},"end":{"line":292,"column":6}},"82":{"start":{"line":291,"column":7},"end":{"line":291,"column":43}},"83":{"start":{"line":295,"column":3},"end":{"line":302,"column":4}},"84":{"start":{"line":297,"column":33},"end":{"line":297,"column":64}},"85":{"start":{"line":299,"column":5},"end":{"line":301,"column":6}},"86":{"start":{"line":300,"column":7},"end":{"line":300,"column":43}},"87":{"start":{"line":303,"column":3},"end":{"line":303,"column":61}},"88":{"start":{"line":304,"column":3},"end":{"line":304,"column":62}},"89":{"start":{"line":305,"column":3},"end":{"line":305,"column":50}},"90":{"start":{"line":306,"column":16},"end":{"line":306,"column":43}},"91":{"start":{"line":308,"column":3},"end":{"line":311,"column":6}},"92":{"start":{"line":314,"column":3},"end":{"line":314,"column":14}},"93":{"start":{"line":333,"column":0},"end":{"line":345,"column":5}},"94":{"start":{"line":334,"column":2},"end":{"line":345,"column":4}},"95":{"start":{"line":335,"column":4},"end":{"line":344,"column":5}},"96":{"start":{"line":336,"column":15},"end":{"line":336,"column":29}},"97":{"start":{"line":338,"column":4},"end":{"line":338,"column":37}},"98":{"start":{"line":340,"column":4},"end":{"line":340,"column":47}},"99":{"start":{"line":343,"column":6},"end":{"line":343,"column":49}}},"fnMap":{"0":{"name":"(anonymous_0)","decl":{"start":{"line":12,"column":22},"end":{"line":12,"column":23}},"loc":{"start":{"line":12,"column":49},"end":{"line":41,"column":1}},"line":12},"1":{"name":"(anonymous_1)","decl":{"start":{"line":13,"column":8},"end":{"line":13,"column":9}},"loc":{"start":{"line":13,"column":34},"end":{"line":40,"column":2}},"line":13},"2":{"name":"(anonymous_2)","decl":{"start":{"line":70,"column":26},"end":{"line":70,"column":27}},"loc":{"start":{"line":70,"column":52},"end":{"line":83,"column":1}},"line":70},"3":{"name":"hashPassword","decl":{"start":{"line":99,"column":15},"end":{"line":99,"column":27}},"loc":{"start":{"line":99,"column":38},"end":{"line":101,"column":1}},"line":99},"4":{"name":"validatePassword","decl":{"start":{"line":103,"column":15},"end":{"line":103,"column":31}},"loc":{"start":{"line":103,"column":63},"end":{"line":105,"column":1}},"line":103},"5":{"name":"(anonymous_5)","decl":{"start":{"line":107,"column":17},"end":{"line":107,"column":18}},"loc":{"start":{"line":107,"column":43},"end":{"line":136,"column":1}},"line":107},"6":{"name":"(anonymous_6)","decl":{"start":{"line":216,"column":16},"end":{"line":216,"column":17}},"loc":{"start":{"line":216,"column":41},"end":{"line":258,"column":1}},"line":216},"7":{"name":"(anonymous_7)","decl":{"start":{"line":260,"column":19},"end":{"line":260,"column":20}},"loc":{"start":{"line":260,"column":45},"end":{"line":265,"column":1}},"line":260},"8":{"name":"(anonymous_8)","decl":{"start":{"line":267,"column":18},"end":{"line":267,"column":19}},"loc":{"start":{"line":267,"column":44},"end":{"line":280,"column":1}},"line":267},"9":{"name":"(anonymous_9)","decl":{"start":{"line":282,"column":21},"end":{"line":282,"column":22}},"loc":{"start":{"line":282,"column":47},"end":{"line":316,"column":1}},"line":282},"10":{"name":"(anonymous_10)","decl":{"start":{"line":333,"column":21},"end":{"line":333,"column":22}},"loc":{"start":{"line":334,"column":2},"end":{"line":345,"column":4}},"line":334},"11":{"name":"(anonymous_11)","decl":{"start":{"line":334,"column":14},"end":{"line":334,"column":15}},"loc":{"start":{"line":334,"column":41},"end":{"line":345,"column":3}},"line":334}},"branchMap":{"0":{"loc":{"start":{"line":22,"column":3},"end":{"line":35,"column":3}},"type":"if","locations":[{"start":{"line":22,"column":3},"end":{"line":35,"column":3}},{"start":{"line":22,"column":3},"end":{"line":35,"column":3}}],"line":22},"1":{"loc":{"start":{"line":28,"column":4},"end":{"line":34,"column":5}},"type":"if","locations":[{"start":{"line":28,"column":4},"end":{"line":34,"column":5}},{"start":{"line":28,"column":4},"end":{"line":34,"column":5}}],"line":28},"2":{"loc":{"start":{"line":29,"column":6},"end":{"line":33,"column":7}},"type":"if","locations":[{"start":{"line":29,"column":6},"end":{"line":33,"column":7}},{"start":{"line":29,"column":6},"end":{"line":33,"column":7}}],"line":29},"3":{"loc":{"start":{"line":29,"column":9},"end":{"line":29,"column":67}},"type":"binary-expr","locations":[{"start":{"line":29,"column":9},"end":{"line":29,"column":39}},{"start":{"line":29,"column":43},"end":{"line":29,"column":67}}],"line":29},"4":{"loc":{"start":{"line":75,"column":2},"end":{"line":78,"column":5}},"type":"if","locations":[{"start":{"line":75,"column":2},"end":{"line":78,"column":5}},{"start":{"line":75,"column":2},"end":{"line":78,"column":5}}],"line":75},"5":{"loc":{"start":{"line":112,"column":3},"end":{"line":114,"column":4}},"type":"if","locations":[{"start":{"line":112,"column":3},"end":{"line":114,"column":4}},{"start":{"line":112,"column":3},"end":{"line":114,"column":4}}],"line":112},"6":{"loc":{"start":{"line":119,"column":2},"end":{"line":119,"column":72}},"type":"if","locations":[{"start":{"line":119,"column":2},"end":{"line":119,"column":72}},{"start":{"line":119,"column":2},"end":{"line":119,"column":72}}],"line":119},"7":{"loc":{"start":{"line":126,"column":9},"end":{"line":126,"column":40}},"type":"binary-expr","locations":[{"start":{"line":126,"column":9},"end":{"line":126,"column":22}},{"start":{"line":126,"column":26},"end":{"line":126,"column":40}}],"line":126},"8":{"loc":{"start":{"line":221,"column":4},"end":{"line":223,"column":5}},"type":"if","locations":[{"start":{"line":221,"column":4},"end":{"line":223,"column":5}},{"start":{"line":221,"column":4},"end":{"line":223,"column":5}}],"line":221},"9":{"loc":{"start":{"line":229,"column":4},"end":{"line":229,"column":68}},"type":"if","locations":[{"start":{"line":229,"column":4},"end":{"line":229,"column":68}},{"start":{"line":229,"column":4},"end":{"line":229,"column":68}}],"line":229},"10":{"loc":{"start":{"line":232,"column":4},"end":{"line":232,"column":80}},"type":"if","locations":[{"start":{"line":232,"column":4},"end":{"line":232,"column":80}},{"start":{"line":232,"column":4},"end":{"line":232,"column":80}}],"line":232},"11":{"loc":{"start":{"line":272,"column":4},"end":{"line":272,"column":62}},"type":"if","locations":[{"start":{"line":272,"column":4},"end":{"line":272,"column":62}},{"start":{"line":272,"column":4},"end":{"line":272,"column":62}}],"line":272},"12":{"loc":{"start":{"line":286,"column":3},"end":{"line":293,"column":4}},"type":"if","locations":[{"start":{"line":286,"column":3},"end":{"line":293,"column":4}},{"start":{"line":286,"column":3},"end":{"line":293,"column":4}}],"line":286},"13":{"loc":{"start":{"line":290,"column":5},"end":{"line":292,"column":6}},"type":"if","locations":[{"start":{"line":290,"column":5},"end":{"line":292,"column":6}},{"start":{"line":290,"column":5},"end":{"line":292,"column":6}}],"line":290},"14":{"loc":{"start":{"line":295,"column":3},"end":{"line":302,"column":4}},"type":"if","locations":[{"start":{"line":295,"column":3},"end":{"line":302,"column":4}},{"start":{"line":295,"column":3},"end":{"line":302,"column":4}}],"line":295},"15":{"loc":{"start":{"line":299,"column":5},"end":{"line":301,"column":6}},"type":"if","locations":[{"start":{"line":299,"column":5},"end":{"line":301,"column":6}},{"start":{"line":299,"column":5},"end":{"line":301,"column":6}}],"line":299}},"s":{"0":3,"1":3,"2":3,"3":3,"4":3,"5":3,"6":3,"7":3,"8":3,"9":3,"10":3,"11":0,"12":0,"13":0,"14":0,"15":0,"16":0,"17":0,"18":0,"19":0,"20":0,"21":0,"22":0,"23":0,"24":3,"25":0,"26":0,"27":0,"28":0,"29":0,"30":0,"31":11,"32":1,"33":3,"34":29,"35":29,"36":29,"37":18,"38":11,"39":11,"40":11,"41":11,"42":1,"43":10,"44":10,"45":10,"46":0,"47":3,"48":4,"49":4,"50":4,"51":2,"52":2,"53":2,"54":2,"55":2,"56":1,"57":1,"58":1,"59":0,"60":1,"61":1,"62":1,"63":0,"64":3,"65":1,"66":1,"67":3,"68":0,"69":0,"70":0,"71":0,"72":0,"73":0,"74":0,"75":3,"76":0,"77":0,"78":0,"79":0,"80":0,"81":0,"82":0,"83":0,"84":0,"85":0,"86":0,"87":0,"88":0,"89":0,"90":0,"91":0,"92":0,"93":3,"94":0,"95":0,"96":0,"97":0,"98":0,"99":0},"f":{"0":0,"1":0,"2":0,"3":11,"4":1,"5":29,"6":4,"7":1,"8":0,"9":0,"10":0,"11":0},"b":{"0":[0,0],"1":[0,0],"2":[0,0],"3":[0,0],"4":[0,0],"5":[18,11],"6":[1,10],"7":[10,0],"8":[2,2],"9":[1,1],"10":[0,1],"11":[0,0],"12":[0,0],"13":[0,0],"14":[0,0],"15":[0,0]},"_coverageSchema":"1a1c01bbd47fc00a2c39e90264f33305004495a9","hash":"103d60506c46aaed7947bc49a192fec53e38057f"}
,"C:\\Users\\Stevin Sebastian\\Documents\\GitHub\\user-login-signup\\login\\backend\\validation\\login.js": {"path":"C:\\Users\\Stevin Sebastian\\Documents\\GitHub\\user-login-signup\\login\\backend\\validation\\login.js","statementMap":{"0":{"start":{"line":1,"column":18},"end":{"line":1,"column":38}},"1":{"start":{"line":2,"column":16},"end":{"line":2,"column":35}},"2":{"start":{"line":4,"column":0},"end":{"line":23,"column":2}},"3":{"start":{"line":5,"column":15},"end":{"line":5,"column":17}},"4":{"start":{"line":7,"column":2},"end":{"line":7,"column":54}},"5":{"start":{"line":8,"column":2},"end":{"line":8,"column":63}},"6":{"start":{"line":10,"column":2},"end":{"line":14,"column":3}},"7":{"start":{"line":11,"column":4},"end":{"line":11,"column":45}},"8":{"start":{"line":12,"column":9},"end":{"line":14,"column":3}},"9":{"start":{"line":13,"column":4},"end":{"line":13,"column":38}},"10":{"start":{"line":16,"column":2},"end":{"line":18,"column":3}},"11":{"start":{"line":17,"column":4},"end":{"line":17,"column":51}},"12":{"start":{"line":19,"column":0},"end":{"line":22,"column":4}}},"fnMap":{"0":{"name":"validateLoginInput","decl":{"start":{"line":4,"column":26},"end":{"line":4,"column":44}},"loc":{"start":{"line":4,"column":51},"end":{"line":23,"column":1}},"line":4}},"branchMap":{"0":{"loc":{"start":{"line":7,"column":15},"end":{"line":7,"column":53}},"type":"cond-expr","locations":[{"start":{"line":7,"column":38},"end":{"line":7,"column":48}},{"start":{"line":7,"column":51},"end":{"line":7,"column":53}}],"line":7},"1":{"loc":{"start":{"line":8,"column":18},"end":{"line":8,"column":62}},"type":"cond-expr","locations":[{"start":{"line":8,"column":44},"end":{"line":8,"column":57}},{"start":{"line":8,"column":60},"end":{"line":8,"column":62}}],"line":8},"2":{"loc":{"start":{"line":10,"column":2},"end":{"line":14,"column":3}},"type":"if","locations":[{"start":{"line":10,"column":2},"end":{"line":14,"column":3}},{"start":{"line":10,"column":2},"end":{"line":14,"column":3}}],"line":10},"3":{"loc":{"start":{"line":12,"column":9},"end":{"line":14,"column":3}},"type":"if","locations":[{"start":{"line":12,"column":9},"end":{"line":14,"column":3}},{"start":{"line":12,"column":9},"end":{"line":14,"column":3}}],"line":12},"4":{"loc":{"start":{"line":16,"column":2},"end":{"line":18,"column":3}},"type":"if","locations":[{"start":{"line":16,"column":2},"end":{"line":18,"column":3}},{"start":{"line":16,"column":2},"end":{"line":18,"column":3}}],"line":16}},"s":{"0":3,"1":3,"2":3,"3":4,"4":4,"5":4,"6":4,"7":1,"8":3,"9":1,"10":4,"11":0,"12":4},"f":{"0":4},"b":{"0":[3,1],"1":[4,0],"2":[1,3],"3":[1,2],"4":[0,4]},"_coverageSchema":"1a1c01bbd47fc00a2c39e90264f33305004495a9","hash":"c503da5475f7d84e2d4927d40d1acdb4662c053f"}
,"C:\\Users\\Stevin Sebastian\\Documents\\GitHub\\user-login-signup\\login\\backend\\validation\\register.js": {"path":"C:\\Users\\Stevin Sebastian\\Documents\\GitHub\\user-login-signup\\login\\backend\\validation\\register.js","statementMap":{"0":{"start":{"line":1,"column":18},"end":{"line":1,"column":38}},"1":{"start":{"line":2,"column":16},"end":{"line":2,"column":35}},"2":{"start":{"line":5,"column":0},"end":{"line":60,"column":2}},"3":{"start":{"line":6,"column":15},"end":{"line":6,"column":17}},"4":{"start":{"line":9,"column":2},"end":{"line":9,"column":51}},"5":{"start":{"line":10,"column":2},"end":{"line":10,"column":54}},"6":{"start":{"line":11,"column":2},"end":{"line":11,"column":63}},"7":{"start":{"line":12,"column":2},"end":{"line":12,"column":66}},"8":{"start":{"line":14,"column":16},"end":{"line":14,"column":26}},"9":{"start":{"line":15,"column":16},"end":{"line":15,"column":33}},"10":{"start":{"line":18,"column":2},"end":{"line":23,"column":5}},"11":{"start":{"line":19,"column":4},"end":{"line":19,"column":44}},"12":{"start":{"line":21,"column":7},"end":{"line":23,"column":5}},"13":{"start":{"line":22,"column":6},"end":{"line":22,"column":54}},"14":{"start":{"line":24,"column":2},"end":{"line":26,"column":5}},"15":{"start":{"line":25,"column":6},"end":{"line":25,"column":66}},"16":{"start":{"line":29,"column":2},"end":{"line":33,"column":41}},"17":{"start":{"line":30,"column":4},"end":{"line":30,"column":46}},"18":{"start":{"line":32,"column":7},"end":{"line":33,"column":41}},"19":{"start":{"line":33,"column":6},"end":{"line":33,"column":41}},"20":{"start":{"line":36,"column":0},"end":{"line":41,"column":1}},"21":{"start":{"line":37,"column":2},"end":{"line":37,"column":41}},"22":{"start":{"line":39,"column":5},"end":{"line":41,"column":1}},"23":{"start":{"line":40,"column":2},"end":{"line":40,"column":35}},"24":{"start":{"line":43,"column":2},"end":{"line":48,"column":5}},"25":{"start":{"line":44,"column":4},"end":{"line":44,"column":52}},"26":{"start":{"line":46,"column":7},"end":{"line":48,"column":5}},"27":{"start":{"line":47,"column":6},"end":{"line":47,"column":68}},"28":{"start":{"line":49,"column":0},"end":{"line":51,"column":3}},"29":{"start":{"line":50,"column":4},"end":{"line":50,"column":61}},"30":{"start":{"line":53,"column":0},"end":{"line":55,"column":3}},"31":{"start":{"line":54,"column":4},"end":{"line":54,"column":47}},"32":{"start":{"line":56,"column":0},"end":{"line":59,"column":4}}},"fnMap":{"0":{"name":"validateRegisterInput","decl":{"start":{"line":5,"column":26},"end":{"line":5,"column":47}},"loc":{"start":{"line":5,"column":54},"end":{"line":60,"column":1}},"line":5}},"branchMap":{"0":{"loc":{"start":{"line":9,"column":14},"end":{"line":9,"column":50}},"type":"cond-expr","locations":[{"start":{"line":9,"column":36},"end":{"line":9,"column":45}},{"start":{"line":9,"column":48},"end":{"line":9,"column":50}}],"line":9},"1":{"loc":{"start":{"line":10,"column":15},"end":{"line":10,"column":53}},"type":"cond-expr","locations":[{"start":{"line":10,"column":38},"end":{"line":10,"column":48}},{"start":{"line":10,"column":51},"end":{"line":10,"column":53}}],"line":10},"2":{"loc":{"start":{"line":11,"column":18},"end":{"line":11,"column":62}},"type":"cond-expr","locations":[{"start":{"line":11,"column":44},"end":{"line":11,"column":57}},{"start":{"line":11,"column":60},"end":{"line":11,"column":62}}],"line":11},"3":{"loc":{"start":{"line":12,"column":19},"end":{"line":12,"column":65}},"type":"cond-expr","locations":[{"start":{"line":12,"column":46},"end":{"line":12,"column":60}},{"start":{"line":12,"column":63},"end":{"line":12,"column":65}}],"line":12},"4":{"loc":{"start":{"line":18,"column":2},"end":{"line":23,"column":5}},"type":"if","locations":[{"start":{"line":18,"column":2},"end":{"line":23,"column":5}},{"start":{"line":18,"column":2},"end":{"line":23,"column":5}}],"line":18},"5":{"loc":{"start":{"line":21,"column":7},"end":{"line":23,"column":5}},"type":"if","locations":[{"start":{"line":21,"column":7},"end":{"line":23,"column":5}},{"start":{"line":21,"column":7},"end":{"line":23,"column":5}}],"line":21},"6":{"loc":{"start":{"line":24,"column":2},"end":{"line":26,"column":5}},"type":"if","locations":[{"start":{"line":24,"column":2},"end":{"line":26,"column":5}},{"start":{"line":24,"column":2},"end":{"line":26,"column":5}}],"line":24},"7":{"loc":{"start":{"line":29,"column":2},"end":{"line":33,"column":41}},"type":"if","locations":[{"start":{"line":29,"column":2},"end":{"line":33,"column":41}},{"start":{"line":29,"column":2},"end":{"line":33,"column":41}}],"line":29},"8":{"loc":{"start":{"line":32,"column":7},"end":{"line":33,"column":41}},"type":"if","locations":[{"start":{"line":32,"column":7},"end":{"line":33,"column":41}},{"start":{"line":32,"column":7},"end":{"line":33,"column":41}}],"line":32},"9":{"loc":{"start":{"line":36,"column":0},"end":{"line":41,"column":1}},"type":"if","locations":[{"start":{"line":36,"column":0},"end":{"line":41,"column":1}},{"start":{"line":36,"column":0},"end":{"line":41,"column":1}}],"line":36},"10":{"loc":{"start":{"line":39,"column":5},"end":{"line":41,"column":1}},"type":"if","locations":[{"start":{"line":39,"column":5},"end":{"line":41,"column":1}},{"start":{"line":39,"column":5},"end":{"line":41,"column":1}}],"line":39},"11":{"loc":{"start":{"line":39,"column":10},"end":{"line":39,"column":175}},"type":"binary-expr","locations":[{"start":{"line":39,"column":10},"end":{"line":39,"column":52}},{"start":{"line":39,"column":55},"end":{"line":39,"column":95}},{"start":{"line":39,"column":97},"end":{"line":39,"column":132}},{"start":{"line":39,"column":134},"end":{"line":39,"column":175}}],"line":39},"12":{"loc":{"start":{"line":43,"column":2},"end":{"line":48,"column":5}},"type":"if","locations":[{"start":{"line":43,"column":2},"end":{"line":48,"column":5}},{"start":{"line":43,"column":2},"end":{"line":48,"column":5}}],"line":43},"13":{"loc":{"start":{"line":46,"column":7},"end":{"line":48,"column":5}},"type":"if","locations":[{"start":{"line":46,"column":7},"end":{"line":48,"column":5}},{"start":{"line":46,"column":7},"end":{"line":48,"column":5}}],"line":46},"14":{"loc":{"start":{"line":49,"column":0},"end":{"line":51,"column":3}},"type":"if","locations":[{"start":{"line":49,"column":0},"end":{"line":51,"column":3}},{"start":{"line":49,"column":0},"end":{"line":51,"column":3}}],"line":49},"15":{"loc":{"start":{"line":53,"column":0},"end":{"line":55,"column":3}},"type":"if","locations":[{"start":{"line":53,"column":0},"end":{"line":55,"column":3}},{"start":{"line":53,"column":0},"end":{"line":55,"column":3}}],"line":53}},"s":{"0":3,"1":3,"2":3,"3":29,"4":29,"5":29,"6":29,"7":29,"8":29,"9":29,"10":29,"11":1,"12":28,"13":2,"14":29,"15":1,"16":29,"17":1,"18":28,"19":7,"20":29,"21":1,"22":28,"23":1,"24":29,"25":1,"26":28,"27":2,"28":29,"29":0,"30":29,"31":4,"32":29},"f":{"0":29},"b":{"0":[28,1],"1":[28,1],"2":[28,1],"3":[29,0],"4":[1,28],"5":[2,26],"6":[1,28],"7":[1,28],"8":[7,21],"9":[1,28],"10":[1,27],"11":[28,28,28,1],"12":[1,28],"13":[2,26],"14":[0,29],"15":[4,25]},"_coverageSchema":"1a1c01bbd47fc00a2c39e90264f33305004495a9","hash":"75df8e0c1c1049b3c5608c447bdcae1d1ab40e48"}
,"C:\\Users\\Stevin Sebastian\\Documents\\GitHub\\user-login-signup\\login\\backend\\validation\\validateEmail.js": {"path":"C:\\Users\\Stevin Sebastian\\Documents\\GitHub\\user-login-signup\\login\\backend\\validation\\validateEmail.js","statementMap":{"0":{"start":{"line":1,"column":18},"end":{"line":1,"column":38}},"1":{"start":{"line":2,"column":16},"end":{"line":2,"column":35}},"2":{"start":{"line":4,"column":0},"end":{"line":18,"column":2}},"3":{"start":{"line":5,"column":15},"end":{"line":5,"column":17}},"4":{"start":{"line":7,"column":2},"end":{"line":7,"column":54}},"5":{"start":{"line":9,"column":2},"end":{"line":13,"column":3}},"6":{"start":{"line":10,"column":4},"end":{"line":10,"column":45}},"7":{"start":{"line":11,"column":9},"end":{"line":13,"column":3}},"8":{"start":{"line":12,"column":4},"end":{"line":12,"column":38}},"9":{"start":{"line":14,"column":0},"end":{"line":17,"column":4}}},"fnMap":{"0":{"name":"validateEmail","decl":{"start":{"line":4,"column":26},"end":{"line":4,"column":39}},"loc":{"start":{"line":4,"column":46},"end":{"line":18,"column":1}},"line":4}},"branchMap":{"0":{"loc":{"start":{"line":7,"column":15},"end":{"line":7,"column":53}},"type":"cond-expr","locations":[{"start":{"line":7,"column":38},"end":{"line":7,"column":48}},{"start":{"line":7,"column":51},"end":{"line":7,"column":53}}],"line":7},"1":{"loc":{"start":{"line":9,"column":2},"end":{"line":13,"column":3}},"type":"if","locations":[{"start":{"line":9,"column":2},"end":{"line":13,"column":3}},{"start":{"line":9,"column":2},"end":{"line":13,"column":3}}],"line":9},"2":{"loc":{"start":{"line":11,"column":9},"end":{"line":13,"column":3}},"type":"if","locations":[{"start":{"line":11,"column":9},"end":{"line":13,"column":3}},{"start":{"line":11,"column":9},"end":{"line":13,"column":3}}],"line":11}},"s":{"0":3,"1":3,"2":3,"3":0,"4":0,"5":0,"6":0,"7":0,"8":0,"9":0},"f":{"0":0},"b":{"0":[0,0],"1":[0,0],"2":[0,0]},"_coverageSchema":"1a1c01bbd47fc00a2c39e90264f33305004495a9","hash":"fae4d879acb390c29845c67c215681a2afab4801"}
,"C:\\Users\\Stevin Sebastian\\Documents\\GitHub\\user-login-signup\\login\\backend\\validation\\validatePassword.js": {"path":"C:\\Users\\Stevin Sebastian\\Documents\\GitHub\\user-login-signup\\login\\backend\\validation\\validatePassword.js","statementMap":{"0":{"start":{"line":1,"column":18},"end":{"line":1,"column":38}},"1":{"start":{"line":2,"column":16},"end":{"line":2,"column":35}},"2":{"start":{"line":4,"column":0},"end":{"line":28,"column":2}},"3":{"start":{"line":5,"column":15},"end":{"line":5,"column":17}},"4":{"start":{"line":8,"column":2},"end":{"line":8,"column":63}},"5":{"start":{"line":9,"column":2},"end":{"line":9,"column":66}},"6":{"start":{"line":12,"column":2},"end":{"line":14,"column":3}},"7":{"start":{"line":13,"column":4},"end":{"line":13,"column":51}},"8":{"start":{"line":15,"column":0},"end":{"line":17,"column":3}},"9":{"start":{"line":16,"column":4},"end":{"line":16,"column":60}},"10":{"start":{"line":18,"column":0},"end":{"line":20,"column":3}},"11":{"start":{"line":19,"column":4},"end":{"line":19,"column":63}},"12":{"start":{"line":21,"column":0},"end":{"line":23,"column":3}},"13":{"start":{"line":22,"column":4},"end":{"line":22,"column":46}},"14":{"start":{"line":24,"column":0},"end":{"line":27,"column":4}}},"fnMap":{"0":{"name":"validatePassword","decl":{"start":{"line":4,"column":26},"end":{"line":4,"column":42}},"loc":{"start":{"line":4,"column":49},"end":{"line":28,"column":1}},"line":4}},"branchMap":{"0":{"loc":{"start":{"line":8,"column":18},"end":{"line":8,"column":62}},"type":"cond-expr","locations":[{"start":{"line":8,"column":44},"end":{"line":8,"column":57}},{"start":{"line":8,"column":60},"end":{"line":8,"column":62}}],"line":8},"1":{"loc":{"start":{"line":9,"column":19},"end":{"line":9,"column":65}},"type":"cond-expr","locations":[{"start":{"line":9,"column":46},"end":{"line":9,"column":60}},{"start":{"line":9,"column":63},"end":{"line":9,"column":65}}],"line":9},"2":{"loc":{"start":{"line":12,"column":2},"end":{"line":14,"column":3}},"type":"if","locations":[{"start":{"line":12,"column":2},"end":{"line":14,"column":3}},{"start":{"line":12,"column":2},"end":{"line":14,"column":3}}],"line":12},"3":{"loc":{"start":{"line":15,"column":0},"end":{"line":17,"column":3}},"type":"if","locations":[{"start":{"line":15,"column":0},"end":{"line":17,"column":3}},{"start":{"line":15,"column":0},"end":{"line":17,"column":3}}],"line":15},"4":{"loc":{"start":{"line":18,"column":0},"end":{"line":20,"column":3}},"type":"if","locations":[{"start":{"line":18,"column":0},"end":{"line":20,"column":3}},{"start":{"line":18,"column":0},"end":{"line":20,"column":3}}],"line":18},"5":{"loc":{"start":{"line":21,"column":0},"end":{"line":23,"column":3}},"type":"if","locations":[{"start":{"line":21,"column":0},"end":{"line":23,"column":3}},{"start":{"line":21,"column":0},"end":{"line":23,"column":3}}],"line":21}},"s":{"0":3,"1":3,"2":3,"3":0,"4":0,"5":0,"6":0,"7":0,"8":0,"9":0,"10":0,"11":0,"12":0,"13":0,"14":0},"f":{"0":0},"b":{"0":[0,0],"1":[0,0],"2":[0,0],"3":[0,0],"4":[0,0],"5":[0,0]},"_coverageSchema":"1a1c01bbd47fc00a2c39e90264f33305004495a9","hash":"a99e5d769b38fc21132116fb55f3d595dc74435d"}
}
