{"C:\\Users\\Stevin Sebastian\\Documents\\GitHub\\user-login-signup\\login\\backend\\app.js": {"path":"C:\\Users\\Stevin Sebastian\\Documents\\GitHub\\user-login-signup\\login\\backend\\app.js","statementMap":{"0":{"start":{"line":1,"column":16},"end":{"line":1,"column":34}},"1":{"start":{"line":2,"column":17},"end":{"line":2,"column":36}},"2":{"start":{"line":3,"column":15},"end":{"line":3,"column":32}},"3":{"start":{"line":4,"column":19},"end":{"line":4,"column":45}},"4":{"start":{"line":5,"column":13},"end":{"line":5,"column":28}},"5":{"start":{"line":6,"column":19},"end":{"line":6,"column":41}},"6":{"start":{"line":7,"column":13},"end":{"line":7,"column":28}},"7":{"start":{"line":8,"column":17},"end":{"line":8,"column":36}},"8":{"start":{"line":9,"column":17},"end":{"line":9,"column":38}},"9":{"start":{"line":10,"column":15},"end":{"line":10,"column":32}},"10":{"start":{"line":12,"column":12},"end":{"line":12,"column":22}},"11":{"start":{"line":14,"column":0},"end":{"line":16,"column":3}},"12":{"start":{"line":26,"column":0},"end":{"line":28,"column":1}},"13":{"start":{"line":27,"column":2},"end":{"line":27,"column":13}},"14":{"start":{"line":30,"column":0},"end":{"line":30,"column":24}},"15":{"start":{"line":31,"column":0},"end":{"line":31,"column":16}},"16":{"start":{"line":33,"column":0},"end":{"line":33,"column":51}},"17":{"start":{"line":36,"column":0},"end":{"line":36,"column":31}},"18":{"start":{"line":38,"column":0},"end":{"line":38,"column":39}},"19":{"start":{"line":40,"column":0},"end":{"line":40,"column":28}},"20":{"start":{"line":42,"column":0},"end":{"line":42,"column":21}}},"fnMap":{},"branchMap":{"0":{"loc":{"start":{"line":26,"column":0},"end":{"line":28,"column":1}},"type":"if","locations":[{"start":{"line":26,"column":0},"end":{"line":28,"column":1}},{"start":{"line":26,"column":0},"end":{"line":28,"column":1}}],"line":26}},"s":{"0":6,"1":6,"2":6,"3":6,"4":6,"5":6,"6":6,"7":6,"8":6,"9":6,"10":6,"11":6,"12":6,"13":0,"14":6,"15":6,"16":6,"17":6,"18":6,"19":6,"20":6},"f":{},"b":{"0":[0,6]},"_coverageSchema":"1a1c01bbd47fc00a2c39e90264f33305004495a9","hash":"a9ec95baa859f2461f34141c1d86854c5f5739cd"}
,"C:\\Users\\Stevin Sebastian\\Documents\\GitHub\\user-login-signup\\login\\backend\\database.js": {"path":"C:\\Users\\Stevin Sebastian\\Documents\\GitHub\\user-login-signup\\login\\backend\\database.js","statementMap":{"0":{"start":{"line":5,"column":17},"end":{"line":5,"column":36}},"1":{"start":{"line":9,"column":17},"end":{"line":51,"column":1}},"2":{"start":{"line":11,"column":2},"end":{"line":11,"column":36}},"3":{"start":{"line":15,"column":2},"end":{"line":20,"column":49}},"4":{"start":{"line":20,"column":14},"end":{"line":20,"column":47}},"5":{"start":{"line":23,"column":2},"end":{"line":25,"column":5}},"6":{"start":{"line":24,"column":4},"end":{"line":24,"column":23}},"7":{"start":{"line":27,"column":2},"end":{"line":29,"column":5}},"8":{"start":{"line":28,"column":4},"end":{"line":28,"column":55}},"9":{"start":{"line":31,"column":2},"end":{"line":33,"column":5}},"10":{"start":{"line":32,"column":4},"end":{"line":32,"column":48}},"11":{"start":{"line":35,"column":2},"end":{"line":37,"column":5}},"12":{"start":{"line":36,"column":4},"end":{"line":36,"column":60}},"13":{"start":{"line":39,"column":2},"end":{"line":41,"column":5}},"14":{"start":{"line":40,"column":4},"end":{"line":40,"column":57}},"15":{"start":{"line":43,"column":2},"end":{"line":46,"column":5}},"16":{"start":{"line":44,"column":4},"end":{"line":44,"column":39}},"17":{"start":{"line":48,"column":2},"end":{"line":50,"column":5}},"18":{"start":{"line":49,"column":4},"end":{"line":49,"column":59}},"19":{"start":{"line":53,"column":0},"end":{"line":53,"column":26}}},"fnMap":{"0":{"name":"(anonymous_0)","decl":{"start":{"line":9,"column":17},"end":{"line":9,"column":18}},"loc":{"start":{"line":9,"column":23},"end":{"line":51,"column":1}},"line":9},"1":{"name":"(anonymous_1)","decl":{"start":{"line":20,"column":9},"end":{"line":20,"column":10}},"loc":{"start":{"line":20,"column":14},"end":{"line":20,"column":47}},"line":20},"2":{"name":"(anonymous_2)","decl":{"start":{"line":23,"column":34},"end":{"line":23,"column":35}},"loc":{"start":{"line":23,"column":45},"end":{"line":25,"column":3}},"line":23},"3":{"name":"(anonymous_3)","decl":{"start":{"line":27,"column":38},"end":{"line":27,"column":39}},"loc":{"start":{"line":27,"column":44},"end":{"line":29,"column":3}},"line":27},"4":{"name":"(anonymous_4)","decl":{"start":{"line":31,"column":42},"end":{"line":31,"column":43}},"loc":{"start":{"line":31,"column":48},"end":{"line":33,"column":3}},"line":31},"5":{"name":"(anonymous_5)","decl":{"start":{"line":35,"column":41},"end":{"line":35,"column":42}},"loc":{"start":{"line":35,"column":47},"end":{"line":37,"column":3}},"line":35},"6":{"name":"(anonymous_6)","decl":{"start":{"line":39,"column":40},"end":{"line":39,"column":41}},"loc":{"start":{"line":39,"column":46},"end":{"line":41,"column":3}},"line":39},"7":{"name":"(anonymous_7)","decl":{"start":{"line":43,"column":36},"end":{"line":43,"column":37}},"loc":{"start":{"line":43,"column":42},"end":{"line":46,"column":3}},"line":43},"8":{"name":"(anonymous_8)","decl":{"start":{"line":48,"column":34},"end":{"line":48,"column":35}},"loc":{"start":{"line":48,"column":40},"end":{"line":50,"column":3}},"line":48}},"branchMap":{},"s":{"0":6,"1":6,"2":0,"3":0,"4":0,"5":0,"6":0,"7":0,"8":0,"9":0,"10":0,"11":0,"12":0,"13":0,"14":0,"15":0,"16":0,"17":0,"18":0,"19":6},"f":{"0":0,"1":0,"2":0,"3":0,"4":0,"5":0,"6":0,"7":0,"8":0},"b":{},"_coverageSchema":"1a1c01bbd47fc00a2c39e90264f33305004495a9","hash":"3cb284b07f7a23f140eb72225864b56f29146b76"}
,"C:\\Users\\Stevin Sebastian\\Documents\\GitHub\\user-login-signup\\login\\backend\\__test__\\db.js": {"path":"C:\\Users\\Stevin Sebastian\\Documents\\GitHub\\user-login-signup\\login\\backend\\__test__\\db.js","statementMap":{"0":{"start":{"line":1,"column":17},"end":{"line":1,"column":36}},"1":{"start":{"line":2,"column":30},"end":{"line":2,"column":62}},"2":{"start":{"line":5,"column":20},"end":{"line":5,"column":43}},"3":{"start":{"line":7,"column":13},"end":{"line":12,"column":5}},"4":{"start":{"line":15,"column":16},"end":{"line":26,"column":1}},"5":{"start":{"line":18,"column":2},"end":{"line":18,"column":30}},"6":{"start":{"line":20,"column":19},"end":{"line":20,"column":45}},"7":{"start":{"line":21,"column":2},"end":{"line":25,"column":5}},"8":{"start":{"line":22,"column":4},"end":{"line":24,"column":5}},"9":{"start":{"line":23,"column":6},"end":{"line":23,"column":25}},"10":{"start":{"line":29,"column":14},"end":{"line":32,"column":1}},"11":{"start":{"line":30,"column":2},"end":{"line":30,"column":30}},"12":{"start":{"line":31,"column":2},"end":{"line":31,"column":27}},"13":{"start":{"line":35,"column":14},"end":{"line":42,"column":1}},"14":{"start":{"line":36,"column":22},"end":{"line":36,"column":53}},"15":{"start":{"line":38,"column":2},"end":{"line":41,"column":3}},"16":{"start":{"line":39,"column":23},"end":{"line":39,"column":39}},"17":{"start":{"line":40,"column":4},"end":{"line":40,"column":34}},"18":{"start":{"line":44,"column":0},"end":{"line":48,"column":2}}},"fnMap":{"0":{"name":"(anonymous_0)","decl":{"start":{"line":15,"column":16},"end":{"line":15,"column":17}},"loc":{"start":{"line":15,"column":28},"end":{"line":26,"column":1}},"line":15},"1":{"name":"(anonymous_1)","decl":{"start":{"line":21,"column":41},"end":{"line":21,"column":42}},"loc":{"start":{"line":21,"column":48},"end":{"line":25,"column":3}},"line":21},"2":{"name":"(anonymous_2)","decl":{"start":{"line":29,"column":14},"end":{"line":29,"column":15}},"loc":{"start":{"line":29,"column":26},"end":{"line":32,"column":1}},"line":29},"3":{"name":"(anonymous_3)","decl":{"start":{"line":35,"column":14},"end":{"line":35,"column":15}},"loc":{"start":{"line":35,"column":26},"end":{"line":42,"column":1}},"line":35}},"branchMap":{"0":{"loc":{"start":{"line":22,"column":4},"end":{"line":24,"column":5}},"type":"if","locations":[{"start":{"line":22,"column":4},"end":{"line":24,"column":5}},{"start":{"line":22,"column":4},"end":{"line":24,"column":5}}],"line":22}},"s":{"0":6,"1":6,"2":6,"3":6,"4":6,"5":6,"6":6,"7":6,"8":6,"9":0,"10":6,"11":6,"12":6,"13":6,"14":62,"15":62,"16":62,"17":62,"18":6},"f":{"0":6,"1":6,"2":6,"3":62},"b":{"0":[0,6]},"_coverageSchema":"1a1c01bbd47fc00a2c39e90264f33305004495a9","hash":"1020613ca50d9f576c62db6d49ef2cb001ef2679"}
,"C:\\Users\\Stevin Sebastian\\Documents\\GitHub\\user-login-signup\\login\\backend\\models\\signupmodels.js": {"path":"C:\\Users\\Stevin Sebastian\\Documents\\GitHub\\user-login-signup\\login\\backend\\models\\signupmodels.js","statementMap":{"0":{"start":{"line":1,"column":17},"end":{"line":1,"column":36}},"1":{"start":{"line":3,"column":23},"end":{"line":37,"column":2}},"2":{"start":{"line":39,"column":0},"end":{"line":39,"column":57}}},"fnMap":{},"branchMap":{},"s":{"0":6,"1":6,"2":6},"f":{},"b":{},"_coverageSchema":"1a1c01bbd47fc00a2c39e90264f33305004495a9","hash":"8166f3867cf913bb65c39343cc8d92b13d59ef33"}
,"C:\\Users\\Stevin Sebastian\\Documents\\GitHub\\user-login-signup\\login\\backend\\routes\\routes.js": {"path":"C:\\Users\\Stevin Sebastian\\Documents\\GitHub\\user-login-signup\\login\\backend\\routes\\routes.js","statementMap":{"0":{"start":{"line":1,"column":16},"end":{"line":1,"column":34}},"1":{"start":{"line":2,"column":15},"end":{"line":2,"column":31}},"2":{"start":{"line":3,"column":27},"end":{"line":3,"column":60}},"3":{"start":{"line":4,"column":15},"end":{"line":4,"column":32}},"4":{"start":{"line":5,"column":12},"end":{"line":5,"column":35}},"5":{"start":{"line":6,"column":23},"end":{"line":6,"column":71}},"6":{"start":{"line":9,"column":0},"end":{"line":9,"column":46}},"7":{"start":{"line":11,"column":0},"end":{"line":11,"column":133}},"8":{"start":{"line":13,"column":0},"end":{"line":13,"column":136}},"9":{"start":{"line":15,"column":0},"end":{"line":15,"column":43}},"10":{"start":{"line":17,"column":0},"end":{"line":17,"column":127}},"11":{"start":{"line":20,"column":0},"end":{"line":20,"column":129}},"12":{"start":{"line":24,"column":0},"end":{"line":24,"column":24}}},"fnMap":{},"branchMap":{},"s":{"0":6,"1":6,"2":6,"3":6,"4":6,"5":6,"6":6,"7":6,"8":6,"9":6,"10":6,"11":6,"12":6},"f":{},"b":{},"_coverageSchema":"1a1c01bbd47fc00a2c39e90264f33305004495a9","hash":"f27bfbb10f72f6ebb3ebd9c84fc9d681426bb642"}
,"C:\\Users\\Stevin Sebastian\\Documents\\GitHub\\user-login-signup\\login\\backend\\server\\passport.js": {"path":"C:\\Users\\Stevin Sebastian\\Documents\\GitHub\\user-login-signup\\login\\backend\\server\\passport.js","statementMap":{"0":{"start":{"line":1,"column":20},"end":{"line":1,"column":52}},"1":{"start":{"line":2,"column":19},"end":{"line":2,"column":53}},"2":{"start":{"line":3,"column":17},"end":{"line":3,"column":36}},"3":{"start":{"line":4,"column":15},"end":{"line":4,"column":48}},"4":{"start":{"line":5,"column":13},"end":{"line":5,"column":59}},"5":{"start":{"line":6,"column":15},"end":{"line":6,"column":32}},"6":{"start":{"line":8,"column":13},"end":{"line":8,"column":15}},"7":{"start":{"line":9,"column":0},"end":{"line":9,"column":63}},"8":{"start":{"line":10,"column":0},"end":{"line":10,"column":42}},"9":{"start":{"line":12,"column":0},"end":{"line":25,"column":2}},"10":{"start":{"line":13,"column":2},"end":{"line":24,"column":4}},"11":{"start":{"line":15,"column":6},"end":{"line":22,"column":40}},"12":{"start":{"line":17,"column":10},"end":{"line":19,"column":11}},"13":{"start":{"line":18,"column":12},"end":{"line":18,"column":36}},"14":{"start":{"line":20,"column":10},"end":{"line":20,"column":35}},"15":{"start":{"line":22,"column":22},"end":{"line":22,"column":38}}},"fnMap":{"0":{"name":"(anonymous_0)","decl":{"start":{"line":12,"column":17},"end":{"line":12,"column":18}},"loc":{"start":{"line":12,"column":29},"end":{"line":25,"column":1}},"line":12},"1":{"name":"(anonymous_1)","decl":{"start":{"line":14,"column":26},"end":{"line":14,"column":27}},"loc":{"start":{"line":14,"column":49},"end":{"line":23,"column":5}},"line":14},"2":{"name":"(anonymous_2)","decl":{"start":{"line":16,"column":14},"end":{"line":16,"column":15}},"loc":{"start":{"line":16,"column":22},"end":{"line":21,"column":9}},"line":16},"3":{"name":"(anonymous_3)","decl":{"start":{"line":22,"column":15},"end":{"line":22,"column":16}},"loc":{"start":{"line":22,"column":22},"end":{"line":22,"column":38}},"line":22}},"branchMap":{"0":{"loc":{"start":{"line":17,"column":10},"end":{"line":19,"column":11}},"type":"if","locations":[{"start":{"line":17,"column":10},"end":{"line":19,"column":11}},{"start":{"line":17,"column":10},"end":{"line":19,"column":11}}],"line":17}},"s":{"0":6,"1":6,"2":6,"3":6,"4":6,"5":6,"6":6,"7":6,"8":6,"9":6,"10":6,"11":0,"12":0,"13":0,"14":0,"15":0},"f":{"0":6,"1":0,"2":0,"3":0},"b":{"0":[0,0]},"_coverageSchema":"1a1c01bbd47fc00a2c39e90264f33305004495a9","hash":"eef1bebe341651015de7a8a173576a2be287cfd3"}
,"C:\\Users\\Stevin Sebastian\\Documents\\GitHub\\user-login-signup\\login\\backend\\server\\roles.js": {"path":"C:\\Users\\Stevin Sebastian\\Documents\\GitHub\\user-login-signup\\login\\backend\\server\\roles.js","statementMap":{"0":{"start":{"line":1,"column":22},"end":{"line":1,"column":46}},"1":{"start":{"line":2,"column":11},"end":{"line":2,"column":30}},"2":{"start":{"line":4,"column":0},"end":{"line":29,"column":5}},"3":{"start":{"line":5,"column":0},"end":{"line":7,"column":22}},"4":{"start":{"line":9,"column":0},"end":{"line":10,"column":24}},"5":{"start":{"line":13,"column":0},"end":{"line":19,"column":19}},"6":{"start":{"line":21,"column":1},"end":{"line":27,"column":20}},"7":{"start":{"line":28,"column":0},"end":{"line":28,"column":10}}},"fnMap":{"0":{"name":"(anonymous_0)","decl":{"start":{"line":4,"column":17},"end":{"line":4,"column":18}},"loc":{"start":{"line":4,"column":28},"end":{"line":29,"column":1}},"line":4}},"branchMap":{},"s":{"0":6,"1":6,"2":6,"3":6,"4":6,"5":6,"6":6,"7":6},"f":{"0":6},"b":{},"_coverageSchema":"1a1c01bbd47fc00a2c39e90264f33305004495a9","hash":"b7d74c3be5cde1d7418e5645ba3d28b2536d71a9"}
,"C:\\Users\\Stevin Sebastian\\Documents\\GitHub\\user-login-signup\\login\\backend\\server\\controllers\\userControllers.js": {"path":"C:\\Users\\Stevin Sebastian\\Documents\\GitHub\\user-login-signup\\login\\backend\\server\\controllers\\userControllers.js","statementMap":{"0":{"start":{"line":1,"column":13},"end":{"line":1,"column":49}},"1":{"start":{"line":2,"column":12},"end":{"line":2,"column":35}},"2":{"start":{"line":3,"column":15},"end":{"line":3,"column":32}},"3":{"start":{"line":4,"column":15},"end":{"line":4,"column":32}},"4":{"start":{"line":5,"column":17},"end":{"line":5,"column":37}},"5":{"start":{"line":6,"column":30},"end":{"line":6,"column":66}},"6":{"start":{"line":7,"column":27},"end":{"line":7,"column":60}},"7":{"start":{"line":8,"column":22},"end":{"line":8,"column":63}},"8":{"start":{"line":9,"column":22},"end":{"line":9,"column":62}},"9":{"start":{"line":10,"column":22},"end":{"line":10,"column":62}},"10":{"start":{"line":11,"column":30},"end":{"line":11,"column":74}},"11":{"start":{"line":12,"column":18},"end":{"line":12,"column":37}},"12":{"start":{"line":14,"column":0},"end":{"line":42,"column":1}},"13":{"start":{"line":15,"column":1},"end":{"line":41,"column":1}},"14":{"start":{"line":16,"column":2},"end":{"line":40,"column":3}},"15":{"start":{"line":17,"column":3},"end":{"line":17,"column":27}},"16":{"start":{"line":19,"column":15},"end":{"line":19,"column":42}},"17":{"start":{"line":20,"column":2},"end":{"line":36,"column":3}},"18":{"start":{"line":21,"column":17},"end":{"line":21,"column":26}},"19":{"start":{"line":23,"column":23},"end":{"line":23,"column":56}},"20":{"start":{"line":25,"column":5},"end":{"line":29,"column":6}},"21":{"start":{"line":26,"column":7},"end":{"line":28,"column":10}},"22":{"start":{"line":30,"column":4},"end":{"line":30,"column":10}},"23":{"start":{"line":33,"column":4},"end":{"line":35,"column":7}},"24":{"start":{"line":39,"column":4},"end":{"line":39,"column":15}},"25":{"start":{"line":44,"column":0},"end":{"line":64,"column":1}},"26":{"start":{"line":45,"column":1},"end":{"line":63,"column":3}},"27":{"start":{"line":47,"column":15},"end":{"line":47,"column":29}},"28":{"start":{"line":49,"column":2},"end":{"line":53,"column":3}},"29":{"start":{"line":50,"column":4},"end":{"line":50,"column":47}},"30":{"start":{"line":52,"column":4},"end":{"line":52,"column":20}},"31":{"start":{"line":55,"column":2},"end":{"line":59,"column":3}},"32":{"start":{"line":56,"column":3},"end":{"line":58,"column":7}},"33":{"start":{"line":60,"column":3},"end":{"line":60,"column":10}},"34":{"start":{"line":62,"column":3},"end":{"line":62,"column":15}},"35":{"start":{"line":67,"column":1},"end":{"line":67,"column":40}},"36":{"start":{"line":71,"column":1},"end":{"line":71,"column":60}},"37":{"start":{"line":74,"column":0},"end":{"line":103,"column":1}},"38":{"start":{"line":75,"column":1},"end":{"line":102,"column":2}},"39":{"start":{"line":77,"column":31},"end":{"line":77,"column":62}},"40":{"start":{"line":79,"column":3},"end":{"line":81,"column":4}},"41":{"start":{"line":80,"column":5},"end":{"line":80,"column":41}},"42":{"start":{"line":83,"column":25},"end":{"line":83,"column":62}},"43":{"start":{"line":84,"column":16},"end":{"line":84,"column":30}},"44":{"start":{"line":85,"column":15},"end":{"line":85,"column":44}},"45":{"start":{"line":86,"column":2},"end":{"line":86,"column":72}},"46":{"start":{"line":86,"column":12},"end":{"line":86,"column":72}},"47":{"start":{"line":88,"column":23},"end":{"line":95,"column":4}},"48":{"start":{"line":97,"column":2},"end":{"line":97,"column":27}},"49":{"start":{"line":98,"column":2},"end":{"line":98,"column":49}},"50":{"start":{"line":101,"column":3},"end":{"line":101,"column":14}},"51":{"start":{"line":105,"column":0},"end":{"line":147,"column":1}},"52":{"start":{"line":106,"column":2},"end":{"line":146,"column":3}},"53":{"start":{"line":108,"column":32},"end":{"line":108,"column":60}},"54":{"start":{"line":110,"column":4},"end":{"line":112,"column":5}},"55":{"start":{"line":111,"column":6},"end":{"line":111,"column":42}},"56":{"start":{"line":114,"column":18},"end":{"line":114,"column":32}},"57":{"start":{"line":115,"column":21},"end":{"line":115,"column":38}},"58":{"start":{"line":117,"column":17},"end":{"line":117,"column":46}},"59":{"start":{"line":118,"column":4},"end":{"line":118,"column":68}},"60":{"start":{"line":118,"column":15},"end":{"line":118,"column":68}},"61":{"start":{"line":120,"column":26},"end":{"line":120,"column":73}},"62":{"start":{"line":121,"column":4},"end":{"line":121,"column":78}},"63":{"start":{"line":121,"column":24},"end":{"line":121,"column":78}},"64":{"start":{"line":123,"column":20},"end":{"line":129,"column":5}},"65":{"start":{"line":131,"column":18},"end":{"line":137,"column":9}},"66":{"start":{"line":139,"column":4},"end":{"line":142,"column":7}},"67":{"start":{"line":145,"column":6},"end":{"line":145,"column":18}},"68":{"start":{"line":149,"column":0},"end":{"line":154,"column":1}},"69":{"start":{"line":150,"column":16},"end":{"line":150,"column":35}},"70":{"start":{"line":151,"column":2},"end":{"line":153,"column":5}},"71":{"start":{"line":156,"column":0},"end":{"line":170,"column":1}},"72":{"start":{"line":157,"column":2},"end":{"line":169,"column":3}},"73":{"start":{"line":158,"column":18},"end":{"line":158,"column":33}},"74":{"start":{"line":160,"column":17},"end":{"line":160,"column":44}},"75":{"start":{"line":162,"column":4},"end":{"line":162,"column":62}},"76":{"start":{"line":162,"column":15},"end":{"line":162,"column":62}},"77":{"start":{"line":163,"column":4},"end":{"line":165,"column":7}},"78":{"start":{"line":168,"column":4},"end":{"line":168,"column":15}},"79":{"start":{"line":172,"column":0},"end":{"line":242,"column":1}},"80":{"start":{"line":173,"column":1},"end":{"line":241,"column":3}},"81":{"start":{"line":174,"column":17},"end":{"line":174,"column":32}},"82":{"start":{"line":175,"column":21},"end":{"line":175,"column":42}},"83":{"start":{"line":177,"column":20},"end":{"line":177,"column":50}},"84":{"start":{"line":178,"column":20},"end":{"line":178,"column":54}},"85":{"start":{"line":180,"column":20},"end":{"line":180,"column":36}},"86":{"start":{"line":181,"column":22},"end":{"line":181,"column":38}},"87":{"start":{"line":183,"column":3},"end":{"line":189,"column":5}},"88":{"start":{"line":184,"column":5},"end":{"line":188,"column":7}},"89":{"start":{"line":185,"column":7},"end":{"line":187,"column":10}},"90":{"start":{"line":191,"column":20},"end":{"line":191,"column":28}},"91":{"start":{"line":193,"column":3},"end":{"line":200,"column":4}},"92":{"start":{"line":195,"column":33},"end":{"line":195,"column":56}},"93":{"start":{"line":197,"column":5},"end":{"line":199,"column":6}},"94":{"start":{"line":198,"column":7},"end":{"line":198,"column":43}},"95":{"start":{"line":202,"column":3},"end":{"line":209,"column":4}},"96":{"start":{"line":204,"column":33},"end":{"line":204,"column":55}},"97":{"start":{"line":206,"column":5},"end":{"line":208,"column":6}},"98":{"start":{"line":207,"column":7},"end":{"line":207,"column":43}},"99":{"start":{"line":211,"column":3},"end":{"line":218,"column":4}},"100":{"start":{"line":213,"column":33},"end":{"line":213,"column":55}},"101":{"start":{"line":215,"column":5},"end":{"line":217,"column":6}},"102":{"start":{"line":216,"column":7},"end":{"line":216,"column":43}},"103":{"start":{"line":220,"column":3},"end":{"line":229,"column":4}},"104":{"start":{"line":222,"column":33},"end":{"line":222,"column":64}},"105":{"start":{"line":224,"column":5},"end":{"line":226,"column":6}},"106":{"start":{"line":225,"column":7},"end":{"line":225,"column":43}},"107":{"start":{"line":227,"column":5},"end":{"line":227,"column":63}},"108":{"start":{"line":228,"column":5},"end":{"line":228,"column":44}},"109":{"start":{"line":231,"column":3},"end":{"line":231,"column":59}},"110":{"start":{"line":232,"column":16},"end":{"line":232,"column":52}},"111":{"start":{"line":234,"column":3},"end":{"line":237,"column":6}},"112":{"start":{"line":240,"column":3},"end":{"line":240,"column":14}},"113":{"start":{"line":244,"column":0},"end":{"line":273,"column":1}},"114":{"start":{"line":245,"column":1},"end":{"line":272,"column":2}},"115":{"start":{"line":247,"column":16},"end":{"line":247,"column":31}},"116":{"start":{"line":248,"column":20},"end":{"line":248,"column":41}},"117":{"start":{"line":250,"column":19},"end":{"line":250,"column":49}},"118":{"start":{"line":251,"column":22},"end":{"line":251,"column":56}},"119":{"start":{"line":253,"column":19},"end":{"line":253,"column":35}},"120":{"start":{"line":254,"column":21},"end":{"line":254,"column":40}},"121":{"start":{"line":256,"column":2},"end":{"line":262,"column":4}},"122":{"start":{"line":257,"column":4},"end":{"line":261,"column":6}},"123":{"start":{"line":258,"column":6},"end":{"line":260,"column":9}},"124":{"start":{"line":264,"column":2},"end":{"line":264,"column":51}},"125":{"start":{"line":265,"column":2},"end":{"line":268,"column":5}},"126":{"start":{"line":271,"column":2},"end":{"line":271,"column":13}}},"fnMap":{"0":{"name":"(anonymous_0)","decl":{"start":{"line":14,"column":22},"end":{"line":14,"column":23}},"loc":{"start":{"line":14,"column":49},"end":{"line":42,"column":1}},"line":14},"1":{"name":"(anonymous_1)","decl":{"start":{"line":15,"column":8},"end":{"line":15,"column":9}},"loc":{"start":{"line":15,"column":34},"end":{"line":41,"column":1}},"line":15},"2":{"name":"(anonymous_2)","decl":{"start":{"line":44,"column":26},"end":{"line":44,"column":27}},"loc":{"start":{"line":44,"column":52},"end":{"line":64,"column":1}},"line":44},"3":{"name":"hashPassword","decl":{"start":{"line":66,"column":15},"end":{"line":66,"column":27}},"loc":{"start":{"line":66,"column":38},"end":{"line":68,"column":1}},"line":66},"4":{"name":"validatePassword","decl":{"start":{"line":70,"column":15},"end":{"line":70,"column":31}},"loc":{"start":{"line":70,"column":63},"end":{"line":72,"column":1}},"line":70},"5":{"name":"(anonymous_5)","decl":{"start":{"line":74,"column":17},"end":{"line":74,"column":18}},"loc":{"start":{"line":74,"column":43},"end":{"line":103,"column":1}},"line":74},"6":{"name":"(anonymous_6)","decl":{"start":{"line":105,"column":16},"end":{"line":105,"column":17}},"loc":{"start":{"line":105,"column":41},"end":{"line":147,"column":1}},"line":105},"7":{"name":"(anonymous_7)","decl":{"start":{"line":149,"column":19},"end":{"line":149,"column":20}},"loc":{"start":{"line":149,"column":45},"end":{"line":154,"column":1}},"line":149},"8":{"name":"(anonymous_8)","decl":{"start":{"line":156,"column":18},"end":{"line":156,"column":19}},"loc":{"start":{"line":156,"column":44},"end":{"line":170,"column":1}},"line":156},"9":{"name":"(anonymous_9)","decl":{"start":{"line":172,"column":21},"end":{"line":172,"column":22}},"loc":{"start":{"line":172,"column":47},"end":{"line":242,"column":1}},"line":172},"10":{"name":"(anonymous_10)","decl":{"start":{"line":244,"column":21},"end":{"line":244,"column":22}},"loc":{"start":{"line":244,"column":47},"end":{"line":273,"column":1}},"line":244}},"branchMap":{"0":{"loc":{"start":{"line":20,"column":2},"end":{"line":36,"column":3}},"type":"if","locations":[{"start":{"line":20,"column":2},"end":{"line":36,"column":3}},{"start":{"line":20,"column":2},"end":{"line":36,"column":3}}],"line":20},"1":{"loc":{"start":{"line":25,"column":5},"end":{"line":29,"column":6}},"type":"if","locations":[{"start":{"line":25,"column":5},"end":{"line":29,"column":6}},{"start":{"line":25,"column":5},"end":{"line":29,"column":6}}],"line":25},"2":{"loc":{"start":{"line":49,"column":2},"end":{"line":53,"column":3}},"type":"if","locations":[{"start":{"line":49,"column":2},"end":{"line":53,"column":3}},{"start":{"line":49,"column":2},"end":{"line":53,"column":3}}],"line":49},"3":{"loc":{"start":{"line":49,"column":6},"end":{"line":49,"column":56}},"type":"binary-expr","locations":[{"start":{"line":49,"column":6},"end":{"line":49,"column":30}},{"start":{"line":49,"column":34},"end":{"line":49,"column":56}}],"line":49},"4":{"loc":{"start":{"line":55,"column":2},"end":{"line":59,"column":3}},"type":"if","locations":[{"start":{"line":55,"column":2},"end":{"line":59,"column":3}},{"start":{"line":55,"column":2},"end":{"line":59,"column":3}}],"line":55},"5":{"loc":{"start":{"line":79,"column":3},"end":{"line":81,"column":4}},"type":"if","locations":[{"start":{"line":79,"column":3},"end":{"line":81,"column":4}},{"start":{"line":79,"column":3},"end":{"line":81,"column":4}}],"line":79},"6":{"loc":{"start":{"line":86,"column":2},"end":{"line":86,"column":72}},"type":"if","locations":[{"start":{"line":86,"column":2},"end":{"line":86,"column":72}},{"start":{"line":86,"column":2},"end":{"line":86,"column":72}}],"line":86},"7":{"loc":{"start":{"line":93,"column":9},"end":{"line":93,"column":40}},"type":"binary-expr","locations":[{"start":{"line":93,"column":9},"end":{"line":93,"column":22}},{"start":{"line":93,"column":26},"end":{"line":93,"column":40}}],"line":93},"8":{"loc":{"start":{"line":110,"column":4},"end":{"line":112,"column":5}},"type":"if","locations":[{"start":{"line":110,"column":4},"end":{"line":112,"column":5}},{"start":{"line":110,"column":4},"end":{"line":112,"column":5}}],"line":110},"9":{"loc":{"start":{"line":118,"column":4},"end":{"line":118,"column":68}},"type":"if","locations":[{"start":{"line":118,"column":4},"end":{"line":118,"column":68}},{"start":{"line":118,"column":4},"end":{"line":118,"column":68}}],"line":118},"10":{"loc":{"start":{"line":121,"column":4},"end":{"line":121,"column":78}},"type":"if","locations":[{"start":{"line":121,"column":4},"end":{"line":121,"column":78}},{"start":{"line":121,"column":4},"end":{"line":121,"column":78}}],"line":121},"11":{"loc":{"start":{"line":162,"column":4},"end":{"line":162,"column":62}},"type":"if","locations":[{"start":{"line":162,"column":4},"end":{"line":162,"column":62}},{"start":{"line":162,"column":4},"end":{"line":162,"column":62}}],"line":162},"12":{"loc":{"start":{"line":183,"column":3},"end":{"line":189,"column":5}},"type":"if","locations":[{"start":{"line":183,"column":3},"end":{"line":189,"column":5}},{"start":{"line":183,"column":3},"end":{"line":189,"column":5}}],"line":183},"13":{"loc":{"start":{"line":184,"column":5},"end":{"line":188,"column":7}},"type":"if","locations":[{"start":{"line":184,"column":5},"end":{"line":188,"column":7}},{"start":{"line":184,"column":5},"end":{"line":188,"column":7}}],"line":184},"14":{"loc":{"start":{"line":184,"column":8},"end":{"line":184,"column":60}},"type":"binary-expr","locations":[{"start":{"line":184,"column":8},"end":{"line":184,"column":35}},{"start":{"line":184,"column":39},"end":{"line":184,"column":60}}],"line":184},"15":{"loc":{"start":{"line":193,"column":3},"end":{"line":200,"column":4}},"type":"if","locations":[{"start":{"line":193,"column":3},"end":{"line":200,"column":4}},{"start":{"line":193,"column":3},"end":{"line":200,"column":4}}],"line":193},"16":{"loc":{"start":{"line":197,"column":5},"end":{"line":199,"column":6}},"type":"if","locations":[{"start":{"line":197,"column":5},"end":{"line":199,"column":6}},{"start":{"line":197,"column":5},"end":{"line":199,"column":6}}],"line":197},"17":{"loc":{"start":{"line":202,"column":3},"end":{"line":209,"column":4}},"type":"if","locations":[{"start":{"line":202,"column":3},"end":{"line":209,"column":4}},{"start":{"line":202,"column":3},"end":{"line":209,"column":4}}],"line":202},"18":{"loc":{"start":{"line":206,"column":5},"end":{"line":208,"column":6}},"type":"if","locations":[{"start":{"line":206,"column":5},"end":{"line":208,"column":6}},{"start":{"line":206,"column":5},"end":{"line":208,"column":6}}],"line":206},"19":{"loc":{"start":{"line":211,"column":3},"end":{"line":218,"column":4}},"type":"if","locations":[{"start":{"line":211,"column":3},"end":{"line":218,"column":4}},{"start":{"line":211,"column":3},"end":{"line":218,"column":4}}],"line":211},"20":{"loc":{"start":{"line":215,"column":5},"end":{"line":217,"column":6}},"type":"if","locations":[{"start":{"line":215,"column":5},"end":{"line":217,"column":6}},{"start":{"line":215,"column":5},"end":{"line":217,"column":6}}],"line":215},"21":{"loc":{"start":{"line":220,"column":3},"end":{"line":229,"column":4}},"type":"if","locations":[{"start":{"line":220,"column":3},"end":{"line":229,"column":4}},{"start":{"line":220,"column":3},"end":{"line":229,"column":4}}],"line":220},"22":{"loc":{"start":{"line":224,"column":5},"end":{"line":226,"column":6}},"type":"if","locations":[{"start":{"line":224,"column":5},"end":{"line":226,"column":6}},{"start":{"line":224,"column":5},"end":{"line":226,"column":6}}],"line":224},"23":{"loc":{"start":{"line":256,"column":2},"end":{"line":262,"column":4}},"type":"if","locations":[{"start":{"line":256,"column":2},"end":{"line":262,"column":4}},{"start":{"line":256,"column":2},"end":{"line":262,"column":4}}],"line":256},"24":{"loc":{"start":{"line":257,"column":4},"end":{"line":261,"column":6}},"type":"if","locations":[{"start":{"line":257,"column":4},"end":{"line":261,"column":6}},{"start":{"line":257,"column":4},"end":{"line":261,"column":6}}],"line":257},"25":{"loc":{"start":{"line":257,"column":7},"end":{"line":257,"column":59}},"type":"binary-expr","locations":[{"start":{"line":257,"column":7},"end":{"line":257,"column":34}},{"start":{"line":257,"column":38},"end":{"line":257,"column":59}}],"line":257}},"s":{"0":6,"1":6,"2":6,"3":6,"4":6,"5":6,"6":6,"7":6,"8":6,"9":6,"10":6,"11":6,"12":6,"13":24,"14":28,"15":28,"16":28,"17":28,"18":22,"19":22,"20":22,"21":4,"22":18,"23":6,"24":0,"25":6,"26":32,"27":32,"28":32,"29":32,"30":0,"31":32,"32":4,"33":28,"34":0,"35":73,"36":2,"37":6,"38":91,"39":91,"40":91,"41":19,"42":72,"43":72,"44":72,"45":72,"46":1,"47":71,"48":71,"49":71,"50":0,"51":6,"52":6,"53":6,"54":6,"55":3,"56":3,"57":3,"58":3,"59":3,"60":1,"61":2,"62":2,"63":1,"64":1,"65":1,"66":1,"67":0,"68":6,"69":1,"70":1,"71":6,"72":3,"73":3,"74":3,"75":3,"76":0,"77":3,"78":0,"79":6,"80":12,"81":12,"82":12,"83":12,"84":12,"85":12,"86":12,"87":12,"88":12,"89":1,"90":12,"91":12,"92":4,"93":4,"94":1,"95":11,"96":3,"97":3,"98":1,"99":10,"100":4,"101":4,"102":3,"103":7,"104":4,"105":4,"106":3,"107":1,"108":1,"109":4,"110":4,"111":4,"112":1,"113":6,"114":2,"115":2,"116":2,"117":2,"118":2,"119":2,"120":2,"121":2,"122":2,"123":1,"124":2,"125":2,"126":1},"f":{"0":24,"1":28,"2":32,"3":73,"4":2,"5":91,"6":6,"7":1,"8":3,"9":12,"10":2},"b":{"0":[22,6],"1":[4,18],"2":[32,0],"3":[32,0],"4":[4,28],"5":[19,72],"6":[1,71],"7":[71,0],"8":[3,3],"9":[1,2],"10":[1,1],"11":[0,3],"12":[12,0],"13":[1,11],"14":[12,11],"15":[4,8],"16":[1,3],"17":[3,8],"18":[1,2],"19":[4,6],"20":[3,1],"21":[4,3],"22":[3,1],"23":[2,0],"24":[1,1],"25":[2,1]},"_coverageSchema":"1a1c01bbd47fc00a2c39e90264f33305004495a9","hash":"703df58c291035a73637f7e801fc1d2cc77ffeeb"}
,"C:\\Users\\Stevin Sebastian\\Documents\\GitHub\\user-login-signup\\login\\backend\\validation\\login.js": {"path":"C:\\Users\\Stevin Sebastian\\Documents\\GitHub\\user-login-signup\\login\\backend\\validation\\login.js","statementMap":{"0":{"start":{"line":1,"column":18},"end":{"line":1,"column":38}},"1":{"start":{"line":2,"column":16},"end":{"line":2,"column":35}},"2":{"start":{"line":4,"column":0},"end":{"line":23,"column":2}},"3":{"start":{"line":5,"column":15},"end":{"line":5,"column":17}},"4":{"start":{"line":7,"column":2},"end":{"line":7,"column":54}},"5":{"start":{"line":8,"column":2},"end":{"line":8,"column":63}},"6":{"start":{"line":10,"column":2},"end":{"line":14,"column":3}},"7":{"start":{"line":11,"column":4},"end":{"line":11,"column":45}},"8":{"start":{"line":12,"column":9},"end":{"line":14,"column":3}},"9":{"start":{"line":13,"column":4},"end":{"line":13,"column":38}},"10":{"start":{"line":16,"column":2},"end":{"line":18,"column":3}},"11":{"start":{"line":17,"column":4},"end":{"line":17,"column":52}},"12":{"start":{"line":19,"column":0},"end":{"line":22,"column":4}}},"fnMap":{"0":{"name":"validateLoginInput","decl":{"start":{"line":4,"column":26},"end":{"line":4,"column":44}},"loc":{"start":{"line":4,"column":51},"end":{"line":23,"column":1}},"line":4}},"branchMap":{"0":{"loc":{"start":{"line":7,"column":15},"end":{"line":7,"column":53}},"type":"cond-expr","locations":[{"start":{"line":7,"column":38},"end":{"line":7,"column":48}},{"start":{"line":7,"column":51},"end":{"line":7,"column":53}}],"line":7},"1":{"loc":{"start":{"line":8,"column":18},"end":{"line":8,"column":62}},"type":"cond-expr","locations":[{"start":{"line":8,"column":44},"end":{"line":8,"column":57}},{"start":{"line":8,"column":60},"end":{"line":8,"column":62}}],"line":8},"2":{"loc":{"start":{"line":10,"column":2},"end":{"line":14,"column":3}},"type":"if","locations":[{"start":{"line":10,"column":2},"end":{"line":14,"column":3}},{"start":{"line":10,"column":2},"end":{"line":14,"column":3}}],"line":10},"3":{"loc":{"start":{"line":12,"column":9},"end":{"line":14,"column":3}},"type":"if","locations":[{"start":{"line":12,"column":9},"end":{"line":14,"column":3}},{"start":{"line":12,"column":9},"end":{"line":14,"column":3}}],"line":12},"4":{"loc":{"start":{"line":16,"column":2},"end":{"line":18,"column":3}},"type":"if","locations":[{"start":{"line":16,"column":2},"end":{"line":18,"column":3}},{"start":{"line":16,"column":2},"end":{"line":18,"column":3}}],"line":16}},"s":{"0":6,"1":6,"2":6,"3":6,"4":6,"5":6,"6":6,"7":1,"8":5,"9":1,"10":6,"11":1,"12":6},"f":{"0":6},"b":{"0":[5,1],"1":[5,1],"2":[1,5],"3":[1,4],"4":[1,5]},"_coverageSchema":"1a1c01bbd47fc00a2c39e90264f33305004495a9","hash":"1c9d181788697bb1e9b57de6819d834b96a2ae8d"}
,"C:\\Users\\Stevin Sebastian\\Documents\\GitHub\\user-login-signup\\login\\backend\\validation\\register.js": {"path":"C:\\Users\\Stevin Sebastian\\Documents\\GitHub\\user-login-signup\\login\\backend\\validation\\register.js","statementMap":{"0":{"start":{"line":1,"column":18},"end":{"line":1,"column":38}},"1":{"start":{"line":2,"column":16},"end":{"line":2,"column":35}},"2":{"start":{"line":5,"column":0},"end":{"line":61,"column":2}},"3":{"start":{"line":6,"column":15},"end":{"line":6,"column":17}},"4":{"start":{"line":9,"column":2},"end":{"line":9,"column":51}},"5":{"start":{"line":10,"column":2},"end":{"line":10,"column":54}},"6":{"start":{"line":11,"column":2},"end":{"line":11,"column":63}},"7":{"start":{"line":12,"column":2},"end":{"line":12,"column":66}},"8":{"start":{"line":14,"column":16},"end":{"line":14,"column":26}},"9":{"start":{"line":15,"column":16},"end":{"line":15,"column":33}},"10":{"start":{"line":18,"column":2},"end":{"line":23,"column":5}},"11":{"start":{"line":19,"column":4},"end":{"line":19,"column":44}},"12":{"start":{"line":21,"column":7},"end":{"line":23,"column":5}},"13":{"start":{"line":22,"column":6},"end":{"line":22,"column":54}},"14":{"start":{"line":24,"column":2},"end":{"line":26,"column":5}},"15":{"start":{"line":25,"column":6},"end":{"line":25,"column":66}},"16":{"start":{"line":29,"column":2},"end":{"line":33,"column":41}},"17":{"start":{"line":30,"column":4},"end":{"line":30,"column":46}},"18":{"start":{"line":32,"column":7},"end":{"line":33,"column":41}},"19":{"start":{"line":33,"column":6},"end":{"line":33,"column":41}},"20":{"start":{"line":36,"column":0},"end":{"line":41,"column":1}},"21":{"start":{"line":37,"column":2},"end":{"line":37,"column":41}},"22":{"start":{"line":39,"column":5},"end":{"line":41,"column":1}},"23":{"start":{"line":40,"column":2},"end":{"line":40,"column":35}},"24":{"start":{"line":43,"column":2},"end":{"line":51,"column":5}},"25":{"start":{"line":44,"column":4},"end":{"line":44,"column":52}},"26":{"start":{"line":46,"column":7},"end":{"line":51,"column":5}},"27":{"start":{"line":47,"column":6},"end":{"line":47,"column":63}},"28":{"start":{"line":49,"column":7},"end":{"line":51,"column":5}},"29":{"start":{"line":50,"column":6},"end":{"line":50,"column":68}},"30":{"start":{"line":54,"column":0},"end":{"line":56,"column":3}},"31":{"start":{"line":55,"column":4},"end":{"line":55,"column":47}},"32":{"start":{"line":57,"column":0},"end":{"line":60,"column":4}}},"fnMap":{"0":{"name":"validateRegisterInput","decl":{"start":{"line":5,"column":26},"end":{"line":5,"column":47}},"loc":{"start":{"line":5,"column":54},"end":{"line":61,"column":1}},"line":5}},"branchMap":{"0":{"loc":{"start":{"line":9,"column":14},"end":{"line":9,"column":50}},"type":"cond-expr","locations":[{"start":{"line":9,"column":36},"end":{"line":9,"column":45}},{"start":{"line":9,"column":48},"end":{"line":9,"column":50}}],"line":9},"1":{"loc":{"start":{"line":10,"column":15},"end":{"line":10,"column":53}},"type":"cond-expr","locations":[{"start":{"line":10,"column":38},"end":{"line":10,"column":48}},{"start":{"line":10,"column":51},"end":{"line":10,"column":53}}],"line":10},"2":{"loc":{"start":{"line":11,"column":18},"end":{"line":11,"column":62}},"type":"cond-expr","locations":[{"start":{"line":11,"column":44},"end":{"line":11,"column":57}},{"start":{"line":11,"column":60},"end":{"line":11,"column":62}}],"line":11},"3":{"loc":{"start":{"line":12,"column":19},"end":{"line":12,"column":65}},"type":"cond-expr","locations":[{"start":{"line":12,"column":46},"end":{"line":12,"column":60}},{"start":{"line":12,"column":63},"end":{"line":12,"column":65}}],"line":12},"4":{"loc":{"start":{"line":18,"column":2},"end":{"line":23,"column":5}},"type":"if","locations":[{"start":{"line":18,"column":2},"end":{"line":23,"column":5}},{"start":{"line":18,"column":2},"end":{"line":23,"column":5}}],"line":18},"5":{"loc":{"start":{"line":21,"column":7},"end":{"line":23,"column":5}},"type":"if","locations":[{"start":{"line":21,"column":7},"end":{"line":23,"column":5}},{"start":{"line":21,"column":7},"end":{"line":23,"column":5}}],"line":21},"6":{"loc":{"start":{"line":24,"column":2},"end":{"line":26,"column":5}},"type":"if","locations":[{"start":{"line":24,"column":2},"end":{"line":26,"column":5}},{"start":{"line":24,"column":2},"end":{"line":26,"column":5}}],"line":24},"7":{"loc":{"start":{"line":29,"column":2},"end":{"line":33,"column":41}},"type":"if","locations":[{"start":{"line":29,"column":2},"end":{"line":33,"column":41}},{"start":{"line":29,"column":2},"end":{"line":33,"column":41}}],"line":29},"8":{"loc":{"start":{"line":32,"column":7},"end":{"line":33,"column":41}},"type":"if","locations":[{"start":{"line":32,"column":7},"end":{"line":33,"column":41}},{"start":{"line":32,"column":7},"end":{"line":33,"column":41}}],"line":32},"9":{"loc":{"start":{"line":36,"column":0},"end":{"line":41,"column":1}},"type":"if","locations":[{"start":{"line":36,"column":0},"end":{"line":41,"column":1}},{"start":{"line":36,"column":0},"end":{"line":41,"column":1}}],"line":36},"10":{"loc":{"start":{"line":39,"column":5},"end":{"line":41,"column":1}},"type":"if","locations":[{"start":{"line":39,"column":5},"end":{"line":41,"column":1}},{"start":{"line":39,"column":5},"end":{"line":41,"column":1}}],"line":39},"11":{"loc":{"start":{"line":39,"column":10},"end":{"line":39,"column":175}},"type":"binary-expr","locations":[{"start":{"line":39,"column":10},"end":{"line":39,"column":52}},{"start":{"line":39,"column":55},"end":{"line":39,"column":95}},{"start":{"line":39,"column":97},"end":{"line":39,"column":132}},{"start":{"line":39,"column":134},"end":{"line":39,"column":175}}],"line":39},"12":{"loc":{"start":{"line":43,"column":2},"end":{"line":51,"column":5}},"type":"if","locations":[{"start":{"line":43,"column":2},"end":{"line":51,"column":5}},{"start":{"line":43,"column":2},"end":{"line":51,"column":5}}],"line":43},"13":{"loc":{"start":{"line":46,"column":7},"end":{"line":51,"column":5}},"type":"if","locations":[{"start":{"line":46,"column":7},"end":{"line":51,"column":5}},{"start":{"line":46,"column":7},"end":{"line":51,"column":5}}],"line":46},"14":{"loc":{"start":{"line":49,"column":7},"end":{"line":51,"column":5}},"type":"if","locations":[{"start":{"line":49,"column":7},"end":{"line":51,"column":5}},{"start":{"line":49,"column":7},"end":{"line":51,"column":5}}],"line":49},"15":{"loc":{"start":{"line":49,"column":11},"end":{"line":49,"column":126}},"type":"binary-expr","locations":[{"start":{"line":49,"column":11},"end":{"line":49,"column":66}},{"start":{"line":49,"column":70},"end":{"line":49,"column":126}}],"line":49},"16":{"loc":{"start":{"line":54,"column":0},"end":{"line":56,"column":3}},"type":"if","locations":[{"start":{"line":54,"column":0},"end":{"line":56,"column":3}},{"start":{"line":54,"column":0},"end":{"line":56,"column":3}}],"line":54}},"s":{"0":6,"1":6,"2":6,"3":91,"4":91,"5":91,"6":91,"7":91,"8":91,"9":91,"10":91,"11":1,"12":90,"13":2,"14":91,"15":1,"16":91,"17":1,"18":90,"19":7,"20":91,"21":1,"22":90,"23":1,"24":91,"25":1,"26":90,"27":1,"28":89,"29":5,"30":91,"31":5,"32":91},"f":{"0":91},"b":{"0":[90,1],"1":[90,1],"2":[90,1],"3":[90,1],"4":[1,90],"5":[2,88],"6":[1,90],"7":[1,90],"8":[7,83],"9":[1,90],"10":[1,89],"11":[90,63,60,8],"12":[1,90],"13":[1,89],"14":[5,84],"15":[89,87],"16":[5,86]},"_coverageSchema":"1a1c01bbd47fc00a2c39e90264f33305004495a9","hash":"db974328b13adba889c5bd5e7be8cc3c0bf46fcd"}
,"C:\\Users\\Stevin Sebastian\\Documents\\GitHub\\user-login-signup\\login\\backend\\validation\\validateEmail.js": {"path":"C:\\Users\\Stevin Sebastian\\Documents\\GitHub\\user-login-signup\\login\\backend\\validation\\validateEmail.js","statementMap":{"0":{"start":{"line":1,"column":18},"end":{"line":1,"column":38}},"1":{"start":{"line":2,"column":16},"end":{"line":2,"column":35}},"2":{"start":{"line":4,"column":0},"end":{"line":18,"column":2}},"3":{"start":{"line":5,"column":15},"end":{"line":5,"column":17}},"4":{"start":{"line":7,"column":2},"end":{"line":7,"column":54}},"5":{"start":{"line":9,"column":2},"end":{"line":13,"column":3}},"6":{"start":{"line":10,"column":4},"end":{"line":10,"column":45}},"7":{"start":{"line":11,"column":9},"end":{"line":13,"column":3}},"8":{"start":{"line":12,"column":4},"end":{"line":12,"column":38}},"9":{"start":{"line":14,"column":0},"end":{"line":17,"column":4}}},"fnMap":{"0":{"name":"validateEmail","decl":{"start":{"line":4,"column":26},"end":{"line":4,"column":39}},"loc":{"start":{"line":4,"column":46},"end":{"line":18,"column":1}},"line":4}},"branchMap":{"0":{"loc":{"start":{"line":7,"column":15},"end":{"line":7,"column":53}},"type":"cond-expr","locations":[{"start":{"line":7,"column":38},"end":{"line":7,"column":48}},{"start":{"line":7,"column":51},"end":{"line":7,"column":53}}],"line":7},"1":{"loc":{"start":{"line":9,"column":2},"end":{"line":13,"column":3}},"type":"if","locations":[{"start":{"line":9,"column":2},"end":{"line":13,"column":3}},{"start":{"line":9,"column":2},"end":{"line":13,"column":3}}],"line":9},"2":{"loc":{"start":{"line":11,"column":9},"end":{"line":13,"column":3}},"type":"if","locations":[{"start":{"line":11,"column":9},"end":{"line":13,"column":3}},{"start":{"line":11,"column":9},"end":{"line":13,"column":3}}],"line":11}},"s":{"0":6,"1":6,"2":6,"3":4,"4":4,"5":4,"6":0,"7":4,"8":1,"9":4},"f":{"0":4},"b":{"0":[4,0],"1":[0,4],"2":[1,3]},"_coverageSchema":"1a1c01bbd47fc00a2c39e90264f33305004495a9","hash":"fae4d879acb390c29845c67c215681a2afab4801"}
,"C:\\Users\\Stevin Sebastian\\Documents\\GitHub\\user-login-signup\\login\\backend\\validation\\validateName.js": {"path":"C:\\Users\\Stevin Sebastian\\Documents\\GitHub\\user-login-signup\\login\\backend\\validation\\validateName.js","statementMap":{"0":{"start":{"line":1,"column":18},"end":{"line":1,"column":38}},"1":{"start":{"line":2,"column":16},"end":{"line":2,"column":35}},"2":{"start":{"line":5,"column":0},"end":{"line":21,"column":4}},"3":{"start":{"line":6,"column":15},"end":{"line":6,"column":17}},"4":{"start":{"line":7,"column":16},"end":{"line":7,"column":33}},"5":{"start":{"line":8,"column":2},"end":{"line":13,"column":5}},"6":{"start":{"line":9,"column":4},"end":{"line":9,"column":44}},"7":{"start":{"line":11,"column":7},"end":{"line":13,"column":5}},"8":{"start":{"line":12,"column":6},"end":{"line":12,"column":54}},"9":{"start":{"line":14,"column":2},"end":{"line":16,"column":3}},"10":{"start":{"line":15,"column":6},"end":{"line":15,"column":66}},"11":{"start":{"line":17,"column":2},"end":{"line":20,"column":6}}},"fnMap":{"0":{"name":"validateName","decl":{"start":{"line":5,"column":26},"end":{"line":5,"column":38}},"loc":{"start":{"line":5,"column":45},"end":{"line":21,"column":3}},"line":5}},"branchMap":{"0":{"loc":{"start":{"line":8,"column":2},"end":{"line":13,"column":5}},"type":"if","locations":[{"start":{"line":8,"column":2},"end":{"line":13,"column":5}},{"start":{"line":8,"column":2},"end":{"line":13,"column":5}}],"line":8},"1":{"loc":{"start":{"line":11,"column":7},"end":{"line":13,"column":5}},"type":"if","locations":[{"start":{"line":11,"column":7},"end":{"line":13,"column":5}},{"start":{"line":11,"column":7},"end":{"line":13,"column":5}}],"line":11},"2":{"loc":{"start":{"line":14,"column":2},"end":{"line":16,"column":3}},"type":"if","locations":[{"start":{"line":14,"column":2},"end":{"line":16,"column":3}},{"start":{"line":14,"column":2},"end":{"line":16,"column":3}}],"line":14}},"s":{"0":6,"1":6,"2":6,"3":4,"4":4,"5":4,"6":0,"7":4,"8":2,"9":4,"10":1,"11":4},"f":{"0":4},"b":{"0":[0,4],"1":[2,2],"2":[1,3]},"_coverageSchema":"1a1c01bbd47fc00a2c39e90264f33305004495a9","hash":"c79ee21f80fdcbe5a0a8f1d09a787b261cd6a653"}
,"C:\\Users\\Stevin Sebastian\\Documents\\GitHub\\user-login-signup\\login\\backend\\validation\\validatePassword.js": {"path":"C:\\Users\\Stevin Sebastian\\Documents\\GitHub\\user-login-signup\\login\\backend\\validation\\validatePassword.js","statementMap":{"0":{"start":{"line":1,"column":18},"end":{"line":1,"column":38}},"1":{"start":{"line":2,"column":16},"end":{"line":2,"column":35}},"2":{"start":{"line":4,"column":0},"end":{"line":28,"column":2}},"3":{"start":{"line":5,"column":15},"end":{"line":5,"column":17}},"4":{"start":{"line":8,"column":2},"end":{"line":8,"column":63}},"5":{"start":{"line":9,"column":2},"end":{"line":9,"column":66}},"6":{"start":{"line":12,"column":2},"end":{"line":14,"column":3}},"7":{"start":{"line":13,"column":4},"end":{"line":13,"column":51}},"8":{"start":{"line":15,"column":0},"end":{"line":17,"column":3}},"9":{"start":{"line":16,"column":4},"end":{"line":16,"column":60}},"10":{"start":{"line":18,"column":0},"end":{"line":20,"column":3}},"11":{"start":{"line":19,"column":4},"end":{"line":19,"column":65}},"12":{"start":{"line":21,"column":0},"end":{"line":23,"column":3}},"13":{"start":{"line":22,"column":4},"end":{"line":22,"column":46}},"14":{"start":{"line":24,"column":0},"end":{"line":27,"column":4}}},"fnMap":{"0":{"name":"validatePassword","decl":{"start":{"line":4,"column":26},"end":{"line":4,"column":42}},"loc":{"start":{"line":4,"column":49},"end":{"line":28,"column":1}},"line":4}},"branchMap":{"0":{"loc":{"start":{"line":8,"column":18},"end":{"line":8,"column":62}},"type":"cond-expr","locations":[{"start":{"line":8,"column":44},"end":{"line":8,"column":57}},{"start":{"line":8,"column":60},"end":{"line":8,"column":62}}],"line":8},"1":{"loc":{"start":{"line":9,"column":19},"end":{"line":9,"column":65}},"type":"cond-expr","locations":[{"start":{"line":9,"column":46},"end":{"line":9,"column":60}},{"start":{"line":9,"column":63},"end":{"line":9,"column":65}}],"line":9},"2":{"loc":{"start":{"line":12,"column":2},"end":{"line":14,"column":3}},"type":"if","locations":[{"start":{"line":12,"column":2},"end":{"line":14,"column":3}},{"start":{"line":12,"column":2},"end":{"line":14,"column":3}}],"line":12},"3":{"loc":{"start":{"line":15,"column":0},"end":{"line":17,"column":3}},"type":"if","locations":[{"start":{"line":15,"column":0},"end":{"line":17,"column":3}},{"start":{"line":15,"column":0},"end":{"line":17,"column":3}}],"line":15},"4":{"loc":{"start":{"line":18,"column":0},"end":{"line":20,"column":3}},"type":"if","locations":[{"start":{"line":18,"column":0},"end":{"line":20,"column":3}},{"start":{"line":18,"column":0},"end":{"line":20,"column":3}}],"line":18},"5":{"loc":{"start":{"line":21,"column":0},"end":{"line":23,"column":3}},"type":"if","locations":[{"start":{"line":21,"column":0},"end":{"line":23,"column":3}},{"start":{"line":21,"column":0},"end":{"line":23,"column":3}}],"line":21}},"s":{"0":6,"1":6,"2":6,"3":4,"4":4,"5":4,"6":4,"7":0,"8":4,"9":0,"10":4,"11":2,"12":4,"13":1,"14":4},"f":{"0":4},"b":{"0":[4,0],"1":[4,0],"2":[0,4],"3":[0,4],"4":[2,2],"5":[1,3]},"_coverageSchema":"1a1c01bbd47fc00a2c39e90264f33305004495a9","hash":"b07cdddf238a6c6e23564da166a65c8f68fafe79"}
,"C:\\Users\\Stevin Sebastian\\Documents\\GitHub\\user-login-signup\\login\\backend\\validation\\validateRole.js": {"path":"C:\\Users\\Stevin Sebastian\\Documents\\GitHub\\user-login-signup\\login\\backend\\validation\\validateRole.js","statementMap":{"0":{"start":{"line":2,"column":18},"end":{"line":2,"column":38}},"1":{"start":{"line":3,"column":16},"end":{"line":3,"column":35}},"2":{"start":{"line":6,"column":0},"end":{"line":20,"column":4}},"3":{"start":{"line":7,"column":15},"end":{"line":7,"column":17}},"4":{"start":{"line":9,"column":2},"end":{"line":14,"column":3}},"5":{"start":{"line":10,"column":4},"end":{"line":10,"column":43}},"6":{"start":{"line":12,"column":7},"end":{"line":14,"column":3}},"7":{"start":{"line":13,"column":4},"end":{"line":13,"column":37}},"8":{"start":{"line":16,"column":2},"end":{"line":19,"column":6}}},"fnMap":{"0":{"name":"validateRole","decl":{"start":{"line":6,"column":26},"end":{"line":6,"column":38}},"loc":{"start":{"line":6,"column":45},"end":{"line":20,"column":3}},"line":6}},"branchMap":{"0":{"loc":{"start":{"line":9,"column":2},"end":{"line":14,"column":3}},"type":"if","locations":[{"start":{"line":9,"column":2},"end":{"line":14,"column":3}},{"start":{"line":9,"column":2},"end":{"line":14,"column":3}}],"line":9},"1":{"loc":{"start":{"line":12,"column":7},"end":{"line":14,"column":3}},"type":"if","locations":[{"start":{"line":12,"column":7},"end":{"line":14,"column":3}},{"start":{"line":12,"column":7},"end":{"line":14,"column":3}}],"line":12},"2":{"loc":{"start":{"line":12,"column":12},"end":{"line":12,"column":177}},"type":"binary-expr","locations":[{"start":{"line":12,"column":12},"end":{"line":12,"column":54}},{"start":{"line":12,"column":57},"end":{"line":12,"column":97}},{"start":{"line":12,"column":99},"end":{"line":12,"column":134}},{"start":{"line":12,"column":136},"end":{"line":12,"column":177}}],"line":12}},"s":{"0":6,"1":6,"2":6,"3":3,"4":3,"5":0,"6":3,"7":1,"8":3},"f":{"0":3},"b":{"0":[0,3],"1":[1,2],"2":[3,3,1,1]},"_coverageSchema":"1a1c01bbd47fc00a2c39e90264f33305004495a9","hash":"9621cf68c1560e4a7fb4fcd8e77400a6a7d0bcf9"}
}
