TN:
SF:app.js
FNF:0
FNH:0
DA:1,6
DA:2,6
DA:3,6
DA:4,6
DA:5,6
DA:6,6
DA:7,6
DA:8,6
DA:9,6
DA:10,6
DA:12,6
DA:14,6
DA:26,6
DA:27,0
DA:30,6
DA:31,6
DA:33,6
DA:36,6
DA:38,6
DA:40,6
DA:42,6
LF:21
LH:20
BRDA:26,0,0,0
BRDA:26,0,1,6
BRF:2
BRH:1
end_of_record
TN:
SF:database.js
FN:9,(anonymous_0)
FN:20,(anonymous_1)
FN:23,(anonymous_2)
FN:27,(anonymous_3)
FN:31,(anonymous_4)
FN:35,(anonymous_5)
FN:39,(anonymous_6)
FN:43,(anonymous_7)
FN:48,(anonymous_8)
FNF:9
FNH:0
FNDA:0,(anonymous_0)
FNDA:0,(anonymous_1)
FNDA:0,(anonymous_2)
FNDA:0,(anonymous_3)
FNDA:0,(anonymous_4)
FNDA:0,(anonymous_5)
FNDA:0,(anonymous_6)
FNDA:0,(anonymous_7)
FNDA:0,(anonymous_8)
DA:5,6
DA:9,6
DA:11,0
DA:15,0
DA:20,0
DA:23,0
DA:24,0
DA:27,0
DA:28,0
DA:31,0
DA:32,0
DA:35,0
DA:36,0
DA:39,0
DA:40,0
DA:43,0
DA:44,0
DA:48,0
DA:49,0
DA:53,6
LF:20
LH:3
BRF:0
BRH:0
end_of_record
TN:
SF:__test__\db.js
FN:15,(anonymous_0)
FN:21,(anonymous_1)
FN:29,(anonymous_2)
FN:35,(anonymous_3)
FNF:4
FNH:4
FNDA:6,(anonymous_0)
FNDA:6,(anonymous_1)
FNDA:6,(anonymous_2)
FNDA:62,(anonymous_3)
DA:1,6
DA:2,6
DA:5,6
DA:7,6
DA:15,6
DA:18,6
DA:20,6
DA:21,6
DA:22,6
DA:23,0
DA:29,6
DA:30,6
DA:31,6
DA:35,6
DA:36,62
DA:38,62
DA:39,62
DA:40,62
DA:44,6
LF:19
LH:18
BRDA:22,0,0,0
BRDA:22,0,1,6
BRF:2
BRH:1
end_of_record
TN:
SF:models\signupmodels.js
FNF:0
FNH:0
DA:1,6
DA:3,6
DA:39,6
LF:3
LH:3
BRF:0
BRH:0
end_of_record
TN:
SF:routes\routes.js
FNF:0
FNH:0
DA:1,6
DA:2,6
DA:3,6
DA:4,6
DA:5,6
DA:6,6
DA:9,6
DA:11,6
DA:13,6
DA:15,6
DA:17,6
DA:20,6
DA:24,6
LF:13
LH:13
BRF:0
BRH:0
end_of_record
TN:
SF:server\passport.js
FN:12,(anonymous_0)
FN:14,(anonymous_1)
FN:16,(anonymous_2)
FN:22,(anonymous_3)
FNF:4
FNH:1
FNDA:6,(anonymous_0)
FNDA:0,(anonymous_1)
FNDA:0,(anonymous_2)
FNDA:0,(anonymous_3)
DA:1,6
DA:2,6
DA:3,6
DA:4,6
DA:5,6
DA:6,6
DA:8,6
DA:9,6
DA:10,6
DA:12,6
DA:13,6
DA:15,0
DA:17,0
DA:18,0
DA:20,0
DA:22,0
LF:16
LH:11
BRDA:17,0,0,0
BRDA:17,0,1,0
BRF:2
BRH:0
end_of_record
TN:
SF:server\roles.js
FN:4,(anonymous_0)
FNF:1
FNH:1
FNDA:6,(anonymous_0)
DA:1,6
DA:2,6
DA:4,6
DA:5,6
DA:9,6
DA:13,6
DA:21,6
DA:28,6
LF:8
LH:8
BRF:0
BRH:0
end_of_record
TN:
SF:server\controllers\userControllers.js
FN:14,(anonymous_0)
FN:15,(anonymous_1)
FN:44,(anonymous_2)
FN:66,hashPassword
FN:70,validatePassword
FN:74,(anonymous_5)
FN:105,(anonymous_6)
FN:149,(anonymous_7)
FN:156,(anonymous_8)
FN:172,(anonymous_9)
FN:244,(anonymous_10)
FNF:11
FNH:11
FNDA:24,(anonymous_0)
FNDA:28,(anonymous_1)
FNDA:32,(anonymous_2)
FNDA:73,hashPassword
FNDA:2,validatePassword
FNDA:91,(anonymous_5)
FNDA:6,(anonymous_6)
FNDA:1,(anonymous_7)
FNDA:3,(anonymous_8)
FNDA:12,(anonymous_9)
FNDA:2,(anonymous_10)
DA:1,6
DA:2,6
DA:3,6
DA:4,6
DA:5,6
DA:6,6
DA:7,6
DA:8,6
DA:9,6
DA:10,6
DA:11,6
DA:12,6
DA:14,6
DA:15,24
DA:16,28
DA:17,28
DA:19,28
DA:20,28
DA:21,22
DA:23,22
DA:25,22
DA:26,4
DA:30,18
DA:33,6
DA:39,0
DA:44,6
DA:45,32
DA:47,32
DA:49,32
DA:50,32
DA:52,0
DA:55,32
DA:56,4
DA:60,28
DA:62,0
DA:67,73
DA:71,2
DA:74,6
DA:75,91
DA:77,91
DA:79,91
DA:80,19
DA:83,72
DA:84,72
DA:85,72
DA:86,72
DA:88,71
DA:97,71
DA:98,71
DA:101,0
DA:105,6
DA:106,6
DA:108,6
DA:110,6
DA:111,3
DA:114,3
DA:115,3
DA:117,3
DA:118,3
DA:120,2
DA:121,2
DA:123,1
DA:131,1
DA:139,1
DA:145,0
DA:149,6
DA:150,1
DA:151,1
DA:156,6
DA:157,3
DA:158,3
DA:160,3
DA:162,3
DA:163,3
DA:168,0
DA:172,6
DA:173,12
DA:174,12
DA:175,12
DA:177,12
DA:178,12
DA:180,12
DA:181,12
DA:183,12
DA:184,12
DA:185,1
DA:191,12
DA:193,12
DA:195,4
DA:197,4
DA:198,1
DA:202,11
DA:204,3
DA:206,3
DA:207,1
DA:211,10
DA:213,4
DA:215,4
DA:216,3
DA:220,7
DA:222,4
DA:224,4
DA:225,3
DA:227,1
DA:228,1
DA:231,4
DA:232,4
DA:234,4
DA:240,1
DA:244,6
DA:245,2
DA:247,2
DA:248,2
DA:250,2
DA:251,2
DA:253,2
DA:254,2
DA:256,2
DA:257,2
DA:258,1
DA:264,2
DA:265,2
DA:271,1
LF:123
LH:117
BRDA:20,0,0,22
BRDA:20,0,1,6
BRDA:25,1,0,4
BRDA:25,1,1,18
BRDA:49,2,0,32
BRDA:49,2,1,0
BRDA:49,3,0,32
BRDA:49,3,1,0
BRDA:55,4,0,4
BRDA:55,4,1,28
BRDA:79,5,0,19
BRDA:79,5,1,72
BRDA:86,6,0,1
BRDA:86,6,1,71
BRDA:93,7,0,71
BRDA:93,7,1,0
BRDA:110,8,0,3
BRDA:110,8,1,3
BRDA:118,9,0,1
BRDA:118,9,1,2
BRDA:121,10,0,1
BRDA:121,10,1,1
BRDA:162,11,0,0
BRDA:162,11,1,3
BRDA:183,12,0,12
BRDA:183,12,1,0
BRDA:184,13,0,1
BRDA:184,13,1,11
BRDA:184,14,0,12
BRDA:184,14,1,11
BRDA:193,15,0,4
BRDA:193,15,1,8
BRDA:197,16,0,1
BRDA:197,16,1,3
BRDA:202,17,0,3
BRDA:202,17,1,8
BRDA:206,18,0,1
BRDA:206,18,1,2
BRDA:211,19,0,4
BRDA:211,19,1,6
BRDA:215,20,0,3
BRDA:215,20,1,1
BRDA:220,21,0,4
BRDA:220,21,1,3
BRDA:224,22,0,3
BRDA:224,22,1,1
BRDA:256,23,0,2
BRDA:256,23,1,0
BRDA:257,24,0,1
BRDA:257,24,1,1
BRDA:257,25,0,2
BRDA:257,25,1,1
BRF:52
BRH:46
end_of_record
TN:
SF:validation\login.js
FN:4,validateLoginInput
FNF:1
FNH:1
FNDA:6,validateLoginInput
DA:1,6
DA:2,6
DA:4,6
DA:5,6
DA:7,6
DA:8,6
DA:10,6
DA:11,1
DA:12,5
DA:13,1
DA:16,6
DA:17,1
DA:19,6
LF:13
LH:13
BRDA:7,0,0,5
BRDA:7,0,1,1
BRDA:8,1,0,5
BRDA:8,1,1,1
BRDA:10,2,0,1
BRDA:10,2,1,5
BRDA:12,3,0,1
BRDA:12,3,1,4
BRDA:16,4,0,1
BRDA:16,4,1,5
BRF:10
BRH:10
end_of_record
TN:
SF:validation\register.js
FN:5,validateRegisterInput
FNF:1
FNH:1
FNDA:91,validateRegisterInput
DA:1,6
DA:2,6
DA:5,6
DA:6,91
DA:9,91
DA:10,91
DA:11,91
DA:12,91
DA:14,91
DA:15,91
DA:18,91
DA:19,1
DA:21,90
DA:22,2
DA:24,91
DA:25,1
DA:29,91
DA:30,1
DA:32,90
DA:33,7
DA:36,91
DA:37,1
DA:39,90
DA:40,1
DA:43,91
DA:44,1
DA:46,90
DA:47,1
DA:49,89
DA:50,5
DA:54,91
DA:55,5
DA:57,91
LF:33
LH:33
BRDA:9,0,0,90
BRDA:9,0,1,1
BRDA:10,1,0,90
BRDA:10,1,1,1
BRDA:11,2,0,90
BRDA:11,2,1,1
BRDA:12,3,0,90
BRDA:12,3,1,1
BRDA:18,4,0,1
BRDA:18,4,1,90
BRDA:21,5,0,2
BRDA:21,5,1,88
BRDA:24,6,0,1
BRDA:24,6,1,90
BRDA:29,7,0,1
BRDA:29,7,1,90
BRDA:32,8,0,7
BRDA:32,8,1,83
BRDA:36,9,0,1
BRDA:36,9,1,90
BRDA:39,10,0,1
BRDA:39,10,1,89
BRDA:39,11,0,90
BRDA:39,11,1,63
BRDA:39,11,2,60
BRDA:39,11,3,8
BRDA:43,12,0,1
BRDA:43,12,1,90
BRDA:46,13,0,1
BRDA:46,13,1,89
BRDA:49,14,0,5
BRDA:49,14,1,84
BRDA:49,15,0,89
BRDA:49,15,1,87
BRDA:54,16,0,5
BRDA:54,16,1,86
BRF:36
BRH:36
end_of_record
TN:
SF:validation\validateEmail.js
FN:4,validateEmail
FNF:1
FNH:1
FNDA:4,validateEmail
DA:1,6
DA:2,6
DA:4,6
DA:5,4
DA:7,4
DA:9,4
DA:10,0
DA:11,4
DA:12,1
DA:14,4
LF:10
LH:9
BRDA:7,0,0,4
BRDA:7,0,1,0
BRDA:9,1,0,0
BRDA:9,1,1,4
BRDA:11,2,0,1
BRDA:11,2,1,3
BRF:6
BRH:4
end_of_record
TN:
SF:validation\validateName.js
FN:5,validateName
FNF:1
FNH:1
FNDA:4,validateName
DA:1,6
DA:2,6
DA:5,6
DA:6,4
DA:7,4
DA:8,4
DA:9,0
DA:11,4
DA:12,2
DA:14,4
DA:15,1
DA:17,4
LF:12
LH:11
BRDA:8,0,0,0
BRDA:8,0,1,4
BRDA:11,1,0,2
BRDA:11,1,1,2
BRDA:14,2,0,1
BRDA:14,2,1,3
BRF:6
BRH:5
end_of_record
TN:
SF:validation\validatePassword.js
FN:4,validatePassword
FNF:1
FNH:1
FNDA:4,validatePassword
DA:1,6
DA:2,6
DA:4,6
DA:5,4
DA:8,4
DA:9,4
DA:12,4
DA:13,0
DA:15,4
DA:16,0
DA:18,4
DA:19,2
DA:21,4
DA:22,1
DA:24,4
LF:15
LH:13
BRDA:8,0,0,4
BRDA:8,0,1,0
BRDA:9,1,0,4
BRDA:9,1,1,0
BRDA:12,2,0,0
BRDA:12,2,1,4
BRDA:15,3,0,0
BRDA:15,3,1,4
BRDA:18,4,0,2
BRDA:18,4,1,2
BRDA:21,5,0,1
BRDA:21,5,1,3
BRF:12
BRH:8
end_of_record
TN:
SF:validation\validateRole.js
FN:6,validateRole
FNF:1
FNH:1
FNDA:3,validateRole
DA:2,6
DA:3,6
DA:6,6
DA:7,3
DA:9,3
DA:10,0
DA:12,3
DA:13,1
DA:16,3
LF:9
LH:8
BRDA:9,0,0,0
BRDA:9,0,1,3
BRDA:12,1,0,1
BRDA:12,1,1,2
BRDA:12,2,0,3
BRDA:12,2,1,3
BRDA:12,2,2,1
BRDA:12,2,3,1
BRF:8
BRH:7
end_of_record
