TN:
SF:app.js
FNF:0
FNH:0
DA:1,3
DA:2,3
DA:3,3
DA:4,3
DA:5,3
DA:6,3
DA:7,3
DA:8,3
DA:9,3
DA:10,3
DA:12,3
DA:14,3
DA:26,3
DA:27,0
DA:30,3
DA:31,3
DA:33,3
DA:36,3
DA:38,3
DA:40,3
DA:42,3
LF:21
LH:20
BRDA:26,0,0,0
BRDA:26,0,1,3
BRF:2
BRH:1
end_of_record
TN:
SF:database.js
FN:9,(anonymous_0)
FN:20,(anonymous_1)
FN:23,(anonymous_2)
FN:27,(anonymous_3)
FN:31,(anonymous_4)
FN:35,(anonymous_5)
FN:39,(anonymous_6)
FN:43,(anonymous_7)
FN:48,(anonymous_8)
FNF:9
FNH:0
FNDA:0,(anonymous_0)
FNDA:0,(anonymous_1)
FNDA:0,(anonymous_2)
FNDA:0,(anonymous_3)
FNDA:0,(anonymous_4)
FNDA:0,(anonymous_5)
FNDA:0,(anonymous_6)
FNDA:0,(anonymous_7)
FNDA:0,(anonymous_8)
DA:5,3
DA:9,3
DA:11,0
DA:15,0
DA:20,0
DA:23,0
DA:24,0
DA:27,0
DA:28,0
DA:31,0
DA:32,0
DA:35,0
DA:36,0
DA:39,0
DA:40,0
DA:43,0
DA:44,0
DA:48,0
DA:49,0
DA:53,3
LF:20
LH:3
BRF:0
BRH:0
end_of_record
TN:
SF:__test__\db.js
FN:13,(anonymous_0)
FN:19,(anonymous_1)
FN:27,(anonymous_2)
FN:33,(anonymous_3)
FNF:4
FNH:4
FNDA:3,(anonymous_0)
FNDA:3,(anonymous_1)
FNDA:3,(anonymous_2)
FNDA:28,(anonymous_3)
DA:1,3
DA:2,3
DA:5,3
DA:7,3
DA:13,3
DA:16,3
DA:18,3
DA:19,3
DA:20,3
DA:21,0
DA:27,3
DA:28,3
DA:29,3
DA:33,3
DA:34,28
DA:36,28
DA:37,28
DA:38,28
DA:42,3
LF:19
LH:18
BRDA:20,0,0,0
BRDA:20,0,1,3
BRF:2
BRH:1
end_of_record
TN:
SF:models\signupmodels.js
FNF:0
FNH:0
DA:1,3
DA:3,3
DA:39,3
LF:3
LH:3
BRF:0
BRH:0
end_of_record
TN:
SF:routes\routes.js
FNF:0
FNH:0
DA:1,3
DA:2,3
DA:3,3
DA:4,3
DA:5,3
DA:6,3
DA:8,3
DA:10,3
DA:12,3
DA:14,3
DA:16,3
DA:18,3
DA:22,3
LF:13
LH:13
BRF:0
BRH:0
end_of_record
TN:
SF:server\passport.js
FN:12,(anonymous_0)
FN:14,(anonymous_1)
FN:16,(anonymous_2)
FN:22,(anonymous_3)
FNF:4
FNH:1
FNDA:3,(anonymous_0)
FNDA:0,(anonymous_1)
FNDA:0,(anonymous_2)
FNDA:0,(anonymous_3)
DA:1,3
DA:2,3
DA:3,3
DA:4,3
DA:5,3
DA:6,3
DA:8,3
DA:9,3
DA:10,3
DA:12,3
DA:13,3
DA:15,0
DA:17,0
DA:18,0
DA:20,0
DA:22,0
LF:16
LH:11
BRDA:17,0,0,0
BRDA:17,0,1,0
BRF:2
BRH:0
end_of_record
TN:
SF:server\roles.js
FN:4,(anonymous_0)
FNF:1
FNH:1
FNDA:3,(anonymous_0)
DA:1,3
DA:2,3
DA:4,3
DA:5,3
DA:9,3
DA:13,3
DA:20,3
DA:27,3
LF:8
LH:8
BRF:0
BRH:0
end_of_record
TN:
SF:server\controllers\userControllers.js
FN:12,(anonymous_0)
FN:13,(anonymous_1)
FN:70,(anonymous_2)
FN:99,hashPassword
FN:103,validatePassword
FN:107,(anonymous_5)
FN:216,(anonymous_6)
FN:260,(anonymous_7)
FN:267,(anonymous_8)
FN:282,(anonymous_9)
FN:333,(anonymous_10)
FN:334,(anonymous_11)
FNF:12
FNH:5
FNDA:0,(anonymous_0)
FNDA:0,(anonymous_1)
FNDA:0,(anonymous_2)
FNDA:11,hashPassword
FNDA:1,validatePassword
FNDA:29,(anonymous_5)
FNDA:4,(anonymous_6)
FNDA:1,(anonymous_7)
FNDA:0,(anonymous_8)
FNDA:0,(anonymous_9)
FNDA:0,(anonymous_10)
FNDA:0,(anonymous_11)
DA:1,3
DA:2,3
DA:3,3
DA:4,3
DA:5,3
DA:6,3
DA:7,3
DA:8,3
DA:9,3
DA:10,3
DA:12,3
DA:13,0
DA:14,0
DA:15,0
DA:17,0
DA:18,0
DA:20,0
DA:22,0
DA:23,0
DA:28,0
DA:29,0
DA:30,0
DA:36,0
DA:38,0
DA:70,3
DA:71,0
DA:73,0
DA:75,0
DA:76,0
DA:79,0
DA:81,0
DA:100,11
DA:104,1
DA:107,3
DA:108,29
DA:110,29
DA:112,29
DA:113,18
DA:116,11
DA:117,11
DA:118,11
DA:119,11
DA:121,10
DA:130,10
DA:131,10
DA:134,0
DA:216,3
DA:217,4
DA:219,4
DA:221,4
DA:222,2
DA:225,2
DA:226,2
DA:228,2
DA:229,2
DA:231,1
DA:232,1
DA:234,1
DA:242,1
DA:250,1
DA:256,0
DA:260,3
DA:261,1
DA:262,1
DA:267,3
DA:268,0
DA:269,0
DA:270,0
DA:272,0
DA:273,0
DA:278,0
DA:282,3
DA:283,0
DA:284,0
DA:285,0
DA:286,0
DA:288,0
DA:290,0
DA:291,0
DA:295,0
DA:297,0
DA:299,0
DA:300,0
DA:303,0
DA:304,0
DA:305,0
DA:306,0
DA:308,0
DA:314,0
DA:333,3
DA:334,0
DA:335,0
DA:336,0
DA:338,0
DA:340,0
DA:343,0
LF:96
LH:46
BRDA:22,0,0,0
BRDA:22,0,1,0
BRDA:28,1,0,0
BRDA:28,1,1,0
BRDA:29,2,0,0
BRDA:29,2,1,0
BRDA:29,3,0,0
BRDA:29,3,1,0
BRDA:75,4,0,0
BRDA:75,4,1,0
BRDA:112,5,0,18
BRDA:112,5,1,11
BRDA:119,6,0,1
BRDA:119,6,1,10
BRDA:126,7,0,10
BRDA:126,7,1,0
BRDA:221,8,0,2
BRDA:221,8,1,2
BRDA:229,9,0,1
BRDA:229,9,1,1
BRDA:232,10,0,0
BRDA:232,10,1,1
BRDA:272,11,0,0
BRDA:272,11,1,0
BRDA:286,12,0,0
BRDA:286,12,1,0
BRDA:290,13,0,0
BRDA:290,13,1,0
BRDA:295,14,0,0
BRDA:295,14,1,0
BRDA:299,15,0,0
BRDA:299,15,1,0
BRF:32
BRH:10
end_of_record
TN:
SF:validation\login.js
FN:4,validateLoginInput
FNF:1
FNH:1
FNDA:4,validateLoginInput
DA:1,3
DA:2,3
DA:4,3
DA:5,4
DA:7,4
DA:8,4
DA:10,4
DA:11,1
DA:12,3
DA:13,1
DA:16,4
DA:17,0
DA:19,4
LF:13
LH:12
BRDA:7,0,0,3
BRDA:7,0,1,1
BRDA:8,1,0,4
BRDA:8,1,1,0
BRDA:10,2,0,1
BRDA:10,2,1,3
BRDA:12,3,0,1
BRDA:12,3,1,2
BRDA:16,4,0,0
BRDA:16,4,1,4
BRF:10
BRH:8
end_of_record
TN:
SF:validation\register.js
FN:5,validateRegisterInput
FNF:1
FNH:1
FNDA:29,validateRegisterInput
DA:1,3
DA:2,3
DA:5,3
DA:6,29
DA:9,29
DA:10,29
DA:11,29
DA:12,29
DA:14,29
DA:15,29
DA:18,29
DA:19,1
DA:21,28
DA:22,2
DA:24,29
DA:25,1
DA:29,29
DA:30,1
DA:32,28
DA:33,7
DA:36,29
DA:37,1
DA:39,28
DA:40,1
DA:43,29
DA:44,1
DA:46,28
DA:47,2
DA:49,29
DA:50,0
DA:53,29
DA:54,4
DA:56,29
LF:33
LH:32
BRDA:9,0,0,28
BRDA:9,0,1,1
BRDA:10,1,0,28
BRDA:10,1,1,1
BRDA:11,2,0,28
BRDA:11,2,1,1
BRDA:12,3,0,29
BRDA:12,3,1,0
BRDA:18,4,0,1
BRDA:18,4,1,28
BRDA:21,5,0,2
BRDA:21,5,1,26
BRDA:24,6,0,1
BRDA:24,6,1,28
BRDA:29,7,0,1
BRDA:29,7,1,28
BRDA:32,8,0,7
BRDA:32,8,1,21
BRDA:36,9,0,1
BRDA:36,9,1,28
BRDA:39,10,0,1
BRDA:39,10,1,27
BRDA:39,11,0,28
BRDA:39,11,1,28
BRDA:39,11,2,28
BRDA:39,11,3,1
BRDA:43,12,0,1
BRDA:43,12,1,28
BRDA:46,13,0,2
BRDA:46,13,1,26
BRDA:49,14,0,0
BRDA:49,14,1,29
BRDA:53,15,0,4
BRDA:53,15,1,25
BRF:34
BRH:32
end_of_record
TN:
SF:validation\validateEmail.js
FN:4,validateEmail
FNF:1
FNH:0
FNDA:0,validateEmail
DA:1,3
DA:2,3
DA:4,3
DA:5,0
DA:7,0
DA:9,0
DA:10,0
DA:11,0
DA:12,0
DA:14,0
LF:10
LH:3
BRDA:7,0,0,0
BRDA:7,0,1,0
BRDA:9,1,0,0
BRDA:9,1,1,0
BRDA:11,2,0,0
BRDA:11,2,1,0
BRF:6
BRH:0
end_of_record
TN:
SF:validation\validatePassword.js
FN:4,validatePassword
FNF:1
FNH:0
FNDA:0,validatePassword
DA:1,3
DA:2,3
DA:4,3
DA:5,0
DA:8,0
DA:9,0
DA:12,0
DA:13,0
DA:15,0
DA:16,0
DA:18,0
DA:19,0
DA:21,0
DA:22,0
DA:24,0
LF:15
LH:3
BRDA:8,0,0,0
BRDA:8,0,1,0
BRDA:9,1,0,0
BRDA:9,1,1,0
BRDA:12,2,0,0
BRDA:12,2,1,0
BRDA:15,3,0,0
BRDA:15,3,1,0
BRDA:18,4,0,0
BRDA:18,4,1,0
BRDA:21,5,0,0
BRDA:21,5,1,0
BRF:12
BRH:0
end_of_record
